mode: set
github.com/sarchlab/m2sim/timing/pipeline/branch_predictor.go:22.59,29.2 1 1
github.com/sarchlab/m2sim/timing/pipeline/branch_predictor.go:54.50,55.24 1 1
github.com/sarchlab/m2sim/timing/pipeline/branch_predictor.go:55.24,57.3 1 1
github.com/sarchlab/m2sim/timing/pipeline/branch_predictor.go:58.2,58.58 1 1
github.com/sarchlab/m2sim/timing/pipeline/branch_predictor.go:62.59,63.24 1 1
github.com/sarchlab/m2sim/timing/pipeline/branch_predictor.go:63.24,65.3 1 1
github.com/sarchlab/m2sim/timing/pipeline/branch_predictor.go:66.2,66.65 1 1
github.com/sarchlab/m2sim/timing/pipeline/branch_predictor.go:70.52,72.16 2 1
github.com/sarchlab/m2sim/timing/pipeline/branch_predictor.go:72.16,74.3 1 1
github.com/sarchlab/m2sim/timing/pipeline/branch_predictor.go:75.2,75.50 1 1
github.com/sarchlab/m2sim/timing/pipeline/branch_predictor.go:136.72,142.18 4 1
github.com/sarchlab/m2sim/timing/pipeline/branch_predictor.go:142.18,144.3 1 1
github.com/sarchlab/m2sim/timing/pipeline/branch_predictor.go:145.2,145.18 1 1
github.com/sarchlab/m2sim/timing/pipeline/branch_predictor.go:145.18,147.3 1 1
github.com/sarchlab/m2sim/timing/pipeline/branch_predictor.go:148.2,148.21 1 1
github.com/sarchlab/m2sim/timing/pipeline/branch_predictor.go:148.21,150.3 1 1
github.com/sarchlab/m2sim/timing/pipeline/branch_predictor.go:152.2,169.28 3 1
github.com/sarchlab/m2sim/timing/pipeline/branch_predictor.go:169.28,171.3 1 1
github.com/sarchlab/m2sim/timing/pipeline/branch_predictor.go:174.2,174.27 1 1
github.com/sarchlab/m2sim/timing/pipeline/branch_predictor.go:174.27,176.3 1 1
github.com/sarchlab/m2sim/timing/pipeline/branch_predictor.go:180.2,180.27 1 1
github.com/sarchlab/m2sim/timing/pipeline/branch_predictor.go:180.27,182.3 1 1
github.com/sarchlab/m2sim/timing/pipeline/branch_predictor.go:184.2,184.11 1 1
github.com/sarchlab/m2sim/timing/pipeline/branch_predictor.go:188.59,191.2 1 1
github.com/sarchlab/m2sim/timing/pipeline/branch_predictor.go:194.58,199.2 3 1
github.com/sarchlab/m2sim/timing/pipeline/branch_predictor.go:202.58,205.2 1 1
github.com/sarchlab/m2sim/timing/pipeline/branch_predictor.go:208.55,211.2 1 1
github.com/sarchlab/m2sim/timing/pipeline/branch_predictor.go:214.58,226.22 8 1
github.com/sarchlab/m2sim/timing/pipeline/branch_predictor.go:226.22,232.16 4 1
github.com/sarchlab/m2sim/timing/pipeline/branch_predictor.go:232.16,236.4 3 1
github.com/sarchlab/m2sim/timing/pipeline/branch_predictor.go:236.9,240.4 3 1
github.com/sarchlab/m2sim/timing/pipeline/branch_predictor.go:241.8,245.3 2 1
github.com/sarchlab/m2sim/timing/pipeline/branch_predictor.go:248.2,249.52 2 1
github.com/sarchlab/m2sim/timing/pipeline/branch_predictor.go:249.52,253.3 3 1
github.com/sarchlab/m2sim/timing/pipeline/branch_predictor.go:253.8,255.3 1 1
github.com/sarchlab/m2sim/timing/pipeline/branch_predictor.go:257.2,258.13 2 1
github.com/sarchlab/m2sim/timing/pipeline/branch_predictor.go:262.73,278.20 10 1
github.com/sarchlab/m2sim/timing/pipeline/branch_predictor.go:278.20,280.3 1 1
github.com/sarchlab/m2sim/timing/pipeline/branch_predictor.go:281.2,281.19 1 1
github.com/sarchlab/m2sim/timing/pipeline/branch_predictor.go:281.19,283.3 1 1
github.com/sarchlab/m2sim/timing/pipeline/branch_predictor.go:286.2,287.22 2 1
github.com/sarchlab/m2sim/timing/pipeline/branch_predictor.go:287.22,290.16 3 1
github.com/sarchlab/m2sim/timing/pipeline/branch_predictor.go:290.16,292.4 1 1
github.com/sarchlab/m2sim/timing/pipeline/branch_predictor.go:292.9,294.4 1 1
github.com/sarchlab/m2sim/timing/pipeline/branch_predictor.go:295.8,297.3 1 1
github.com/sarchlab/m2sim/timing/pipeline/branch_predictor.go:299.2,299.30 1 1
github.com/sarchlab/m2sim/timing/pipeline/branch_predictor.go:299.30,301.3 1 1
github.com/sarchlab/m2sim/timing/pipeline/branch_predictor.go:301.8,303.3 1 1
github.com/sarchlab/m2sim/timing/pipeline/branch_predictor.go:306.2,306.11 1 1
github.com/sarchlab/m2sim/timing/pipeline/branch_predictor.go:306.11,307.33 1 1
github.com/sarchlab/m2sim/timing/pipeline/branch_predictor.go:307.33,309.4 1 1
github.com/sarchlab/m2sim/timing/pipeline/branch_predictor.go:310.8,311.33 1 1
github.com/sarchlab/m2sim/timing/pipeline/branch_predictor.go:311.33,313.4 1 1
github.com/sarchlab/m2sim/timing/pipeline/branch_predictor.go:317.2,317.11 1 1
github.com/sarchlab/m2sim/timing/pipeline/branch_predictor.go:317.11,318.31 1 1
github.com/sarchlab/m2sim/timing/pipeline/branch_predictor.go:318.31,320.4 1 1
github.com/sarchlab/m2sim/timing/pipeline/branch_predictor.go:321.8,322.31 1 1
github.com/sarchlab/m2sim/timing/pipeline/branch_predictor.go:322.31,324.4 1 1
github.com/sarchlab/m2sim/timing/pipeline/branch_predictor.go:328.2,328.57 1 1
github.com/sarchlab/m2sim/timing/pipeline/branch_predictor.go:328.57,329.20 1 1
github.com/sarchlab/m2sim/timing/pipeline/branch_predictor.go:329.20,331.32 1 1
github.com/sarchlab/m2sim/timing/pipeline/branch_predictor.go:331.32,333.5 1 1
github.com/sarchlab/m2sim/timing/pipeline/branch_predictor.go:334.9,336.32 1 1
github.com/sarchlab/m2sim/timing/pipeline/branch_predictor.go:336.32,338.5 1 1
github.com/sarchlab/m2sim/timing/pipeline/branch_predictor.go:343.2,346.11 2 1
github.com/sarchlab/m2sim/timing/pipeline/branch_predictor.go:346.11,353.3 3 1
github.com/sarchlab/m2sim/timing/pipeline/branch_predictor.go:357.34,358.7 1 1
github.com/sarchlab/m2sim/timing/pipeline/branch_predictor.go:358.7,360.3 1 1
github.com/sarchlab/m2sim/timing/pipeline/branch_predictor.go:361.2,361.10 1 1
github.com/sarchlab/m2sim/timing/pipeline/branch_predictor.go:365.57,367.2 1 1
github.com/sarchlab/m2sim/timing/pipeline/branch_predictor.go:370.36,372.28 1 1
github.com/sarchlab/m2sim/timing/pipeline/branch_predictor.go:372.28,374.3 1 1
github.com/sarchlab/m2sim/timing/pipeline/branch_predictor.go:377.2,377.27 1 1
github.com/sarchlab/m2sim/timing/pipeline/branch_predictor.go:377.27,379.3 1 1
github.com/sarchlab/m2sim/timing/pipeline/branch_predictor.go:382.2,382.27 1 1
github.com/sarchlab/m2sim/timing/pipeline/branch_predictor.go:382.27,384.3 1 1
github.com/sarchlab/m2sim/timing/pipeline/branch_predictor.go:387.2,390.29 2 1
github.com/sarchlab/m2sim/timing/pipeline/branch_predictor.go:390.29,392.3 1 1
github.com/sarchlab/m2sim/timing/pipeline/branch_predictor.go:395.2,395.35 1 1
github.com/sarchlab/m2sim/timing/pipeline/cache_stages.go:24.85,29.2 1 1
github.com/sarchlab/m2sim/timing/pipeline/cache_stages.go:33.80,35.36 1 1
github.com/sarchlab/m2sim/timing/pipeline/cache_stages.go:35.36,39.3 3 1
github.com/sarchlab/m2sim/timing/pipeline/cache_stages.go:42.2,42.15 1 1
github.com/sarchlab/m2sim/timing/pipeline/cache_stages.go:42.15,44.20 2 1
github.com/sarchlab/m2sim/timing/pipeline/cache_stages.go:44.20,46.4 1 1
github.com/sarchlab/m2sim/timing/pipeline/cache_stages.go:48.3,49.22 2 1
github.com/sarchlab/m2sim/timing/pipeline/cache_stages.go:49.22,51.4 1 1
github.com/sarchlab/m2sim/timing/pipeline/cache_stages.go:52.3,52.25 1 0
github.com/sarchlab/m2sim/timing/pipeline/cache_stages.go:56.2,58.16 2 1
github.com/sarchlab/m2sim/timing/pipeline/cache_stages.go:58.16,61.3 1 1
github.com/sarchlab/m2sim/timing/pipeline/cache_stages.go:64.2,72.19 5 1
github.com/sarchlab/m2sim/timing/pipeline/cache_stages.go:72.19,74.3 1 1
github.com/sarchlab/m2sim/timing/pipeline/cache_stages.go:77.2,78.41 2 0
github.com/sarchlab/m2sim/timing/pipeline/cache_stages.go:82.36,86.2 3 1
github.com/sarchlab/m2sim/timing/pipeline/cache_stages.go:105.87,110.2 1 1
github.com/sarchlab/m2sim/timing/pipeline/cache_stages.go:115.79,118.18 2 1
github.com/sarchlab/m2sim/timing/pipeline/cache_stages.go:118.18,122.3 2 1
github.com/sarchlab/m2sim/timing/pipeline/cache_stages.go:125.2,125.39 1 1
github.com/sarchlab/m2sim/timing/pipeline/cache_stages.go:125.39,128.3 2 1
github.com/sarchlab/m2sim/timing/pipeline/cache_stages.go:130.2,133.69 2 1
github.com/sarchlab/m2sim/timing/pipeline/cache_stages.go:133.69,137.3 3 1
github.com/sarchlab/m2sim/timing/pipeline/cache_stages.go:140.2,140.15 1 1
github.com/sarchlab/m2sim/timing/pipeline/cache_stages.go:140.15,142.20 2 1
github.com/sarchlab/m2sim/timing/pipeline/cache_stages.go:142.20,144.4 1 1
github.com/sarchlab/m2sim/timing/pipeline/cache_stages.go:146.3,147.39 2 1
github.com/sarchlab/m2sim/timing/pipeline/cache_stages.go:147.39,149.4 1 1
github.com/sarchlab/m2sim/timing/pipeline/cache_stages.go:150.3,150.23 1 1
github.com/sarchlab/m2sim/timing/pipeline/cache_stages.go:154.2,155.46 2 1
github.com/sarchlab/m2sim/timing/pipeline/cache_stages.go:155.46,157.3 1 1
github.com/sarchlab/m2sim/timing/pipeline/cache_stages.go:159.2,159.19 1 1
github.com/sarchlab/m2sim/timing/pipeline/cache_stages.go:159.19,171.20 8 1
github.com/sarchlab/m2sim/timing/pipeline/cache_stages.go:171.20,173.4 1 1
github.com/sarchlab/m2sim/timing/pipeline/cache_stages.go:176.3,178.23 3 1
github.com/sarchlab/m2sim/timing/pipeline/cache_stages.go:181.2,181.20 1 1
github.com/sarchlab/m2sim/timing/pipeline/cache_stages.go:181.20,193.20 8 1
github.com/sarchlab/m2sim/timing/pipeline/cache_stages.go:193.20,195.4 1 1
github.com/sarchlab/m2sim/timing/pipeline/cache_stages.go:198.3,199.23 2 1
github.com/sarchlab/m2sim/timing/pipeline/cache_stages.go:202.2,202.22 1 0
github.com/sarchlab/m2sim/timing/pipeline/cache_stages.go:206.37,211.2 4 1
github.com/sarchlab/m2sim/timing/pipeline/cache_stages.go:214.59,216.2 1 1
github.com/sarchlab/m2sim/timing/pipeline/cache_stages.go:219.58,221.2 1 1
github.com/sarchlab/m2sim/timing/pipeline/hazard.go:46.34,48.2 1 1
github.com/sarchlab/m2sim/timing/pipeline/hazard.go:58.20,65.17 2 1
github.com/sarchlab/m2sim/timing/pipeline/hazard.go:65.17,67.3 1 1
github.com/sarchlab/m2sim/timing/pipeline/hazard.go:70.2,77.19 3 1
github.com/sarchlab/m2sim/timing/pipeline/hazard.go:77.19,79.3 1 1
github.com/sarchlab/m2sim/timing/pipeline/hazard.go:81.2,81.15 1 1
github.com/sarchlab/m2sim/timing/pipeline/hazard.go:89.17,91.15 1 1
github.com/sarchlab/m2sim/timing/pipeline/hazard.go:91.15,93.3 1 1
github.com/sarchlab/m2sim/timing/pipeline/hazard.go:97.2,97.54 1 1
github.com/sarchlab/m2sim/timing/pipeline/hazard.go:97.54,99.3 1 1
github.com/sarchlab/m2sim/timing/pipeline/hazard.go:102.2,102.54 1 1
github.com/sarchlab/m2sim/timing/pipeline/hazard.go:102.54,104.3 1 1
github.com/sarchlab/m2sim/timing/pipeline/hazard.go:106.2,106.20 1 1
github.com/sarchlab/m2sim/timing/pipeline/hazard.go:117.8,119.18 1 1
github.com/sarchlab/m2sim/timing/pipeline/hazard.go:119.18,121.3 1 1
github.com/sarchlab/m2sim/timing/pipeline/hazard.go:124.2,124.32 1 1
github.com/sarchlab/m2sim/timing/pipeline/hazard.go:124.32,126.3 1 1
github.com/sarchlab/m2sim/timing/pipeline/hazard.go:127.2,127.32 1 1
github.com/sarchlab/m2sim/timing/pipeline/hazard.go:127.32,129.3 1 1
github.com/sarchlab/m2sim/timing/pipeline/hazard.go:131.2,131.14 1 1
github.com/sarchlab/m2sim/timing/pipeline/hazard.go:135.86,139.19 2 1
github.com/sarchlab/m2sim/timing/pipeline/hazard.go:139.19,143.3 3 1
github.com/sarchlab/m2sim/timing/pipeline/hazard.go:146.2,146.17 1 1
github.com/sarchlab/m2sim/timing/pipeline/hazard.go:146.17,149.3 2 1
github.com/sarchlab/m2sim/timing/pipeline/hazard.go:151.2,151.15 1 1
github.com/sarchlab/m2sim/timing/pipeline/hazard.go:160.10,161.17 1 1
github.com/sarchlab/m2sim/timing/pipeline/hazard.go:162.24,163.25 1 1
github.com/sarchlab/m2sim/timing/pipeline/hazard.go:164.24,166.21 1 1
github.com/sarchlab/m2sim/timing/pipeline/hazard.go:166.21,168.4 1 1
github.com/sarchlab/m2sim/timing/pipeline/hazard.go:169.3,169.25 1 1
github.com/sarchlab/m2sim/timing/pipeline/hazard.go:170.10,171.23 1 1
github.com/sarchlab/m2sim/timing/pipeline/pipeline.go:20.67,24.46 2 1
github.com/sarchlab/m2sim/timing/pipeline/pipeline.go:24.46,28.31 2 1
github.com/sarchlab/m2sim/timing/pipeline/pipeline.go:28.31,31.4 1 1
github.com/sarchlab/m2sim/timing/pipeline/pipeline.go:33.3,34.22 2 1
github.com/sarchlab/m2sim/timing/pipeline/pipeline.go:36.2,36.17 1 1
github.com/sarchlab/m2sim/timing/pipeline/pipeline.go:43.43,49.2 2 1
github.com/sarchlab/m2sim/timing/pipeline/pipeline.go:53.65,56.26 1 1
github.com/sarchlab/m2sim/timing/pipeline/pipeline.go:56.26,58.3 1 1
github.com/sarchlab/m2sim/timing/pipeline/pipeline.go:60.2,60.24 1 1
github.com/sarchlab/m2sim/timing/pipeline/pipeline.go:60.24,62.3 1 1
github.com/sarchlab/m2sim/timing/pipeline/pipeline.go:64.2,66.28 2 1
github.com/sarchlab/m2sim/timing/pipeline/pipeline.go:66.28,68.3 1 1
github.com/sarchlab/m2sim/timing/pipeline/pipeline.go:70.2,71.21 2 1
github.com/sarchlab/m2sim/timing/pipeline/pipeline.go:76.64,80.39 1 1
github.com/sarchlab/m2sim/timing/pipeline/pipeline.go:80.39,82.3 1 1
github.com/sarchlab/m2sim/timing/pipeline/pipeline.go:84.2,86.28 2 1
github.com/sarchlab/m2sim/timing/pipeline/pipeline.go:86.28,88.3 1 1
github.com/sarchlab/m2sim/timing/pipeline/pipeline.go:89.2,90.21 2 1
github.com/sarchlab/m2sim/timing/pipeline/pipeline.go:95.61,99.39 1 1
github.com/sarchlab/m2sim/timing/pipeline/pipeline.go:99.39,101.3 1 1
github.com/sarchlab/m2sim/timing/pipeline/pipeline.go:103.2,105.27 2 1
github.com/sarchlab/m2sim/timing/pipeline/pipeline.go:105.27,107.3 1 1
github.com/sarchlab/m2sim/timing/pipeline/pipeline.go:108.2,109.21 2 1
github.com/sarchlab/m2sim/timing/pipeline/pipeline.go:116.73,118.61 1 1
github.com/sarchlab/m2sim/timing/pipeline/pipeline.go:118.61,120.3 1 1
github.com/sarchlab/m2sim/timing/pipeline/pipeline.go:122.2,122.56 1 1
github.com/sarchlab/m2sim/timing/pipeline/pipeline.go:122.56,124.3 1 1
github.com/sarchlab/m2sim/timing/pipeline/pipeline.go:126.2,126.53 1 1
github.com/sarchlab/m2sim/timing/pipeline/pipeline.go:126.53,128.3 1 1
github.com/sarchlab/m2sim/timing/pipeline/pipeline.go:129.2,129.17 1 1
github.com/sarchlab/m2sim/timing/pipeline/pipeline.go:167.35,168.25 1 1
github.com/sarchlab/m2sim/timing/pipeline/pipeline.go:168.25,170.3 1 1
github.com/sarchlab/m2sim/timing/pipeline/pipeline.go:171.2,171.52 1 1
github.com/sarchlab/m2sim/timing/pipeline/pipeline.go:178.68,179.27 1 1
github.com/sarchlab/m2sim/timing/pipeline/pipeline.go:179.27,181.3 1 1
github.com/sarchlab/m2sim/timing/pipeline/pipeline.go:186.60,187.27 1 1
github.com/sarchlab/m2sim/timing/pipeline/pipeline.go:187.27,189.3 1 1
github.com/sarchlab/m2sim/timing/pipeline/pipeline.go:193.53,194.27 1 1
github.com/sarchlab/m2sim/timing/pipeline/pipeline.go:194.27,199.3 4 1
github.com/sarchlab/m2sim/timing/pipeline/pipeline.go:203.53,204.27 1 1
github.com/sarchlab/m2sim/timing/pipeline/pipeline.go:204.27,209.3 4 1
github.com/sarchlab/m2sim/timing/pipeline/pipeline.go:213.41,214.27 1 1
github.com/sarchlab/m2sim/timing/pipeline/pipeline.go:214.27,225.3 7 1
github.com/sarchlab/m2sim/timing/pipeline/pipeline.go:230.77,231.27 1 1
github.com/sarchlab/m2sim/timing/pipeline/pipeline.go:231.27,233.3 1 1
github.com/sarchlab/m2sim/timing/pipeline/pipeline.go:344.94,360.27 2 1
github.com/sarchlab/m2sim/timing/pipeline/pipeline.go:360.27,362.3 1 1
github.com/sarchlab/m2sim/timing/pipeline/pipeline.go:365.2,365.29 1 1
github.com/sarchlab/m2sim/timing/pipeline/pipeline.go:365.29,367.3 1 1
github.com/sarchlab/m2sim/timing/pipeline/pipeline.go:369.2,369.10 1 1
github.com/sarchlab/m2sim/timing/pipeline/pipeline.go:373.32,375.2 1 1
github.com/sarchlab/m2sim/timing/pipeline/pipeline.go:378.37,381.2 2 1
github.com/sarchlab/m2sim/timing/pipeline/pipeline.go:384.44,386.2 1 1
github.com/sarchlab/m2sim/timing/pipeline/pipeline.go:389.44,391.2 1 1
github.com/sarchlab/m2sim/timing/pipeline/pipeline.go:394.46,396.2 1 1
github.com/sarchlab/m2sim/timing/pipeline/pipeline.go:399.46,401.2 1 1
github.com/sarchlab/m2sim/timing/pipeline/pipeline.go:404.39,406.2 1 1
github.com/sarchlab/m2sim/timing/pipeline/pipeline.go:409.34,411.2 1 1
github.com/sarchlab/m2sim/timing/pipeline/pipeline.go:414.37,416.2 1 1
github.com/sarchlab/m2sim/timing/pipeline/pipeline.go:420.32,421.16 1 1
github.com/sarchlab/m2sim/timing/pipeline/pipeline.go:421.16,423.3 1 1
github.com/sarchlab/m2sim/timing/pipeline/pipeline.go:424.2,424.19 1 1
github.com/sarchlab/m2sim/timing/pipeline/pipeline.go:429.50,430.51 1 1
github.com/sarchlab/m2sim/timing/pipeline/pipeline.go:430.51,432.3 1 1
github.com/sarchlab/m2sim/timing/pipeline/pipeline.go:433.2,433.18 1 1
github.com/sarchlab/m2sim/timing/pipeline/pipeline.go:452.27,454.14 1 1
github.com/sarchlab/m2sim/timing/pipeline/pipeline.go:454.14,456.3 1 1
github.com/sarchlab/m2sim/timing/pipeline/pipeline.go:458.2,461.41 2 1
github.com/sarchlab/m2sim/timing/pipeline/pipeline.go:461.41,464.3 2 1
github.com/sarchlab/m2sim/timing/pipeline/pipeline.go:465.2,465.41 1 1
github.com/sarchlab/m2sim/timing/pipeline/pipeline.go:465.41,468.3 2 1
github.com/sarchlab/m2sim/timing/pipeline/pipeline.go:469.2,469.41 1 1
github.com/sarchlab/m2sim/timing/pipeline/pipeline.go:469.41,472.3 2 1
github.com/sarchlab/m2sim/timing/pipeline/pipeline.go:473.2,473.41 1 1
github.com/sarchlab/m2sim/timing/pipeline/pipeline.go:473.41,476.3 2 1
github.com/sarchlab/m2sim/timing/pipeline/pipeline.go:479.2,479.21 1 1
github.com/sarchlab/m2sim/timing/pipeline/pipeline.go:483.38,488.119 2 1
github.com/sarchlab/m2sim/timing/pipeline/pipeline.go:488.119,490.3 1 1
github.com/sarchlab/m2sim/timing/pipeline/pipeline.go:496.2,497.71 2 1
github.com/sarchlab/m2sim/timing/pipeline/pipeline.go:497.71,500.56 2 1
github.com/sarchlab/m2sim/timing/pipeline/pipeline.go:500.56,508.23 4 1
github.com/sarchlab/m2sim/timing/pipeline/pipeline.go:509.35,511.27 2 0
github.com/sarchlab/m2sim/timing/pipeline/pipeline.go:514.4,520.5 1 1
github.com/sarchlab/m2sim/timing/pipeline/pipeline.go:528.2,533.46 4 1
github.com/sarchlab/m2sim/timing/pipeline/pipeline.go:533.46,535.3 1 1
github.com/sarchlab/m2sim/timing/pipeline/pipeline.go:538.2,540.19 3 1
github.com/sarchlab/m2sim/timing/pipeline/pipeline.go:540.19,541.60 1 1
github.com/sarchlab/m2sim/timing/pipeline/pipeline.go:541.60,542.31 1 1
github.com/sarchlab/m2sim/timing/pipeline/pipeline.go:542.31,544.22 2 1
github.com/sarchlab/m2sim/timing/pipeline/pipeline.go:544.22,547.6 2 1
github.com/sarchlab/m2sim/timing/pipeline/pipeline.go:551.3,552.48 2 1
github.com/sarchlab/m2sim/timing/pipeline/pipeline.go:552.48,554.16 2 1
github.com/sarchlab/m2sim/timing/pipeline/pipeline.go:554.16,556.5 1 1
github.com/sarchlab/m2sim/timing/pipeline/pipeline.go:557.9,558.43 1 1
github.com/sarchlab/m2sim/timing/pipeline/pipeline.go:558.43,559.53 1 1
github.com/sarchlab/m2sim/timing/pipeline/pipeline.go:559.53,561.6 1 0
github.com/sarchlab/m2sim/timing/pipeline/pipeline.go:562.5,562.22 1 1
github.com/sarchlab/m2sim/timing/pipeline/pipeline.go:562.22,567.6 4 1
github.com/sarchlab/m2sim/timing/pipeline/pipeline.go:567.11,570.6 2 1
github.com/sarchlab/m2sim/timing/pipeline/pipeline.go:571.10,573.5 1 1
github.com/sarchlab/m2sim/timing/pipeline/pipeline.go:576.3,576.16 1 1
github.com/sarchlab/m2sim/timing/pipeline/pipeline.go:576.16,588.4 1 1
github.com/sarchlab/m2sim/timing/pipeline/pipeline.go:592.2,594.31 3 1
github.com/sarchlab/m2sim/timing/pipeline/pipeline.go:594.31,595.48 1 1
github.com/sarchlab/m2sim/timing/pipeline/pipeline.go:595.48,596.59 1 1
github.com/sarchlab/m2sim/timing/pipeline/pipeline.go:596.59,598.5 1 0
github.com/sarchlab/m2sim/timing/pipeline/pipeline.go:598.10,600.5 1 1
github.com/sarchlab/m2sim/timing/pipeline/pipeline.go:603.3,603.22 1 1
github.com/sarchlab/m2sim/timing/pipeline/pipeline.go:603.22,605.4 1 1
github.com/sarchlab/m2sim/timing/pipeline/pipeline.go:607.3,607.22 1 1
github.com/sarchlab/m2sim/timing/pipeline/pipeline.go:607.22,610.4 2 1
github.com/sarchlab/m2sim/timing/pipeline/pipeline.go:610.9,621.80 5 1
github.com/sarchlab/m2sim/timing/pipeline/pipeline.go:621.80,623.43 1 1
github.com/sarchlab/m2sim/timing/pipeline/pipeline.go:623.43,629.6 5 1
github.com/sarchlab/m2sim/timing/pipeline/pipeline.go:632.4,636.23 2 1
github.com/sarchlab/m2sim/timing/pipeline/pipeline.go:636.23,650.20 8 1
github.com/sarchlab/m2sim/timing/pipeline/pipeline.go:650.20,651.25 1 1
github.com/sarchlab/m2sim/timing/pipeline/pipeline.go:651.25,654.7 1 1
github.com/sarchlab/m2sim/timing/pipeline/pipeline.go:654.12,654.48 1 1
github.com/sarchlab/m2sim/timing/pipeline/pipeline.go:654.48,657.7 1 0
github.com/sarchlab/m2sim/timing/pipeline/pipeline.go:660.11,661.24 1 0
github.com/sarchlab/m2sim/timing/pipeline/pipeline.go:661.24,664.7 1 0
github.com/sarchlab/m2sim/timing/pipeline/pipeline.go:669.5,669.37 1 1
github.com/sarchlab/m2sim/timing/pipeline/pipeline.go:669.37,671.6 1 1
github.com/sarchlab/m2sim/timing/pipeline/pipeline.go:674.5,676.24 2 1
github.com/sarchlab/m2sim/timing/pipeline/pipeline.go:676.24,680.22 4 1
github.com/sarchlab/m2sim/timing/pipeline/pipeline.go:680.22,682.7 1 0
github.com/sarchlab/m2sim/timing/pipeline/pipeline.go:683.11,686.6 1 1
github.com/sarchlab/m2sim/timing/pipeline/pipeline.go:689.4,690.23 2 1
github.com/sarchlab/m2sim/timing/pipeline/pipeline.go:690.23,694.5 2 1
github.com/sarchlab/m2sim/timing/pipeline/pipeline.go:696.4,713.5 1 1
github.com/sarchlab/m2sim/timing/pipeline/pipeline.go:722.2,727.63 4 1
github.com/sarchlab/m2sim/timing/pipeline/pipeline.go:727.63,731.47 3 1
github.com/sarchlab/m2sim/timing/pipeline/pipeline.go:731.47,733.18 2 1
github.com/sarchlab/m2sim/timing/pipeline/pipeline.go:733.18,735.5 1 1
github.com/sarchlab/m2sim/timing/pipeline/pipeline.go:736.9,738.4 1 1
github.com/sarchlab/m2sim/timing/pipeline/pipeline.go:740.3,740.24 1 1
github.com/sarchlab/m2sim/timing/pipeline/pipeline.go:740.24,744.32 1 1
github.com/sarchlab/m2sim/timing/pipeline/pipeline.go:744.32,750.5 3 1
github.com/sarchlab/m2sim/timing/pipeline/pipeline.go:750.10,761.23 4 1
github.com/sarchlab/m2sim/timing/pipeline/pipeline.go:761.23,766.6 4 1
github.com/sarchlab/m2sim/timing/pipeline/pipeline.go:768.5,778.39 2 1
github.com/sarchlab/m2sim/timing/pipeline/pipeline.go:778.39,780.6 1 1
github.com/sarchlab/m2sim/timing/pipeline/pipeline.go:780.11,782.6 1 1
github.com/sarchlab/m2sim/timing/pipeline/pipeline.go:784.9,784.24 1 1
github.com/sarchlab/m2sim/timing/pipeline/pipeline.go:784.24,786.4 1 1
github.com/sarchlab/m2sim/timing/pipeline/pipeline.go:787.8,787.70 1 1
github.com/sarchlab/m2sim/timing/pipeline/pipeline.go:787.70,790.3 2 1
github.com/sarchlab/m2sim/timing/pipeline/pipeline.go:795.2,796.95 2 1
github.com/sarchlab/m2sim/timing/pipeline/pipeline.go:796.95,816.3 2 1
github.com/sarchlab/m2sim/timing/pipeline/pipeline.go:816.8,816.97 1 1
github.com/sarchlab/m2sim/timing/pipeline/pipeline.go:816.97,818.3 1 1
github.com/sarchlab/m2sim/timing/pipeline/pipeline.go:822.2,822.24 1 1
github.com/sarchlab/m2sim/timing/pipeline/pipeline.go:822.24,827.3 4 1
github.com/sarchlab/m2sim/timing/pipeline/pipeline.go:829.2,829.30 1 1
github.com/sarchlab/m2sim/timing/pipeline/pipeline.go:829.30,831.3 1 1
github.com/sarchlab/m2sim/timing/pipeline/pipeline.go:831.8,833.3 1 1
github.com/sarchlab/m2sim/timing/pipeline/pipeline.go:834.2,834.44 1 1
github.com/sarchlab/m2sim/timing/pipeline/pipeline.go:834.44,836.3 1 1
github.com/sarchlab/m2sim/timing/pipeline/pipeline.go:837.2,837.74 1 1
github.com/sarchlab/m2sim/timing/pipeline/pipeline.go:837.74,839.3 1 1
github.com/sarchlab/m2sim/timing/pipeline/pipeline.go:839.8,839.37 1 1
github.com/sarchlab/m2sim/timing/pipeline/pipeline.go:839.37,841.3 1 1
github.com/sarchlab/m2sim/timing/pipeline/pipeline.go:842.2,842.17 1 1
github.com/sarchlab/m2sim/timing/pipeline/pipeline.go:842.17,844.3 1 1
github.com/sarchlab/m2sim/timing/pipeline/pipeline.go:849.38,852.46 2 1
github.com/sarchlab/m2sim/timing/pipeline/pipeline.go:852.46,854.3 1 1
github.com/sarchlab/m2sim/timing/pipeline/pipeline.go:856.2,856.47 1 1
github.com/sarchlab/m2sim/timing/pipeline/pipeline.go:856.47,858.3 1 1
github.com/sarchlab/m2sim/timing/pipeline/pipeline.go:861.2,865.19 4 1
github.com/sarchlab/m2sim/timing/pipeline/pipeline.go:865.19,866.60 1 1
github.com/sarchlab/m2sim/timing/pipeline/pipeline.go:866.60,867.31 1 1
github.com/sarchlab/m2sim/timing/pipeline/pipeline.go:867.31,869.22 2 1
github.com/sarchlab/m2sim/timing/pipeline/pipeline.go:869.22,872.6 2 1
github.com/sarchlab/m2sim/timing/pipeline/pipeline.go:876.3,877.48 2 1
github.com/sarchlab/m2sim/timing/pipeline/pipeline.go:877.48,879.16 2 0
github.com/sarchlab/m2sim/timing/pipeline/pipeline.go:879.16,881.5 1 0
github.com/sarchlab/m2sim/timing/pipeline/pipeline.go:882.9,883.43 1 1
github.com/sarchlab/m2sim/timing/pipeline/pipeline.go:883.43,884.53 1 1
github.com/sarchlab/m2sim/timing/pipeline/pipeline.go:884.53,886.6 1 0
github.com/sarchlab/m2sim/timing/pipeline/pipeline.go:887.5,887.22 1 1
github.com/sarchlab/m2sim/timing/pipeline/pipeline.go:887.22,892.6 4 1
github.com/sarchlab/m2sim/timing/pipeline/pipeline.go:892.11,895.6 2 1
github.com/sarchlab/m2sim/timing/pipeline/pipeline.go:896.10,898.5 1 1
github.com/sarchlab/m2sim/timing/pipeline/pipeline.go:901.3,901.16 1 1
github.com/sarchlab/m2sim/timing/pipeline/pipeline.go:901.16,913.4 1 1
github.com/sarchlab/m2sim/timing/pipeline/pipeline.go:917.2,917.33 1 1
github.com/sarchlab/m2sim/timing/pipeline/pipeline.go:917.33,928.3 1 1
github.com/sarchlab/m2sim/timing/pipeline/pipeline.go:931.2,939.31 5 1
github.com/sarchlab/m2sim/timing/pipeline/pipeline.go:939.31,940.48 1 1
github.com/sarchlab/m2sim/timing/pipeline/pipeline.go:940.48,941.59 1 0
github.com/sarchlab/m2sim/timing/pipeline/pipeline.go:941.59,943.5 1 0
github.com/sarchlab/m2sim/timing/pipeline/pipeline.go:943.10,945.5 1 0
github.com/sarchlab/m2sim/timing/pipeline/pipeline.go:948.3,948.22 1 1
github.com/sarchlab/m2sim/timing/pipeline/pipeline.go:948.22,950.4 1 0
github.com/sarchlab/m2sim/timing/pipeline/pipeline.go:952.3,952.22 1 1
github.com/sarchlab/m2sim/timing/pipeline/pipeline.go:952.22,955.4 2 0
github.com/sarchlab/m2sim/timing/pipeline/pipeline.go:955.9,963.64 3 1
github.com/sarchlab/m2sim/timing/pipeline/pipeline.go:963.64,964.33 1 1
github.com/sarchlab/m2sim/timing/pipeline/pipeline.go:964.33,966.6 1 0
github.com/sarchlab/m2sim/timing/pipeline/pipeline.go:967.5,967.33 1 1
github.com/sarchlab/m2sim/timing/pipeline/pipeline.go:967.33,969.6 1 0
github.com/sarchlab/m2sim/timing/pipeline/pipeline.go:971.4,971.64 1 1
github.com/sarchlab/m2sim/timing/pipeline/pipeline.go:971.64,972.33 1 1
github.com/sarchlab/m2sim/timing/pipeline/pipeline.go:972.33,974.6 1 0
github.com/sarchlab/m2sim/timing/pipeline/pipeline.go:975.5,975.33 1 1
github.com/sarchlab/m2sim/timing/pipeline/pipeline.go:975.33,977.6 1 0
github.com/sarchlab/m2sim/timing/pipeline/pipeline.go:981.4,983.80 3 1
github.com/sarchlab/m2sim/timing/pipeline/pipeline.go:983.80,984.43 1 0
github.com/sarchlab/m2sim/timing/pipeline/pipeline.go:984.43,990.6 5 0
github.com/sarchlab/m2sim/timing/pipeline/pipeline.go:990.11,990.52 1 0
github.com/sarchlab/m2sim/timing/pipeline/pipeline.go:990.52,996.6 5 0
github.com/sarchlab/m2sim/timing/pipeline/pipeline.go:999.4,1003.23 3 1
github.com/sarchlab/m2sim/timing/pipeline/pipeline.go:1003.23,1007.5 2 0
github.com/sarchlab/m2sim/timing/pipeline/pipeline.go:1009.4,1029.23 2 1
github.com/sarchlab/m2sim/timing/pipeline/pipeline.go:1029.23,1042.20 8 0
github.com/sarchlab/m2sim/timing/pipeline/pipeline.go:1042.20,1043.25 1 0
github.com/sarchlab/m2sim/timing/pipeline/pipeline.go:1043.25,1045.7 1 0
github.com/sarchlab/m2sim/timing/pipeline/pipeline.go:1045.12,1045.48 1 0
github.com/sarchlab/m2sim/timing/pipeline/pipeline.go:1045.48,1047.7 1 0
github.com/sarchlab/m2sim/timing/pipeline/pipeline.go:1048.11,1049.24 1 0
github.com/sarchlab/m2sim/timing/pipeline/pipeline.go:1049.24,1051.7 1 0
github.com/sarchlab/m2sim/timing/pipeline/pipeline.go:1055.5,1055.37 1 0
github.com/sarchlab/m2sim/timing/pipeline/pipeline.go:1055.37,1057.6 1 0
github.com/sarchlab/m2sim/timing/pipeline/pipeline.go:1060.5,1062.24 2 0
github.com/sarchlab/m2sim/timing/pipeline/pipeline.go:1062.24,1065.22 3 0
github.com/sarchlab/m2sim/timing/pipeline/pipeline.go:1065.22,1067.7 1 0
github.com/sarchlab/m2sim/timing/pipeline/pipeline.go:1068.6,1076.19 7 0
github.com/sarchlab/m2sim/timing/pipeline/pipeline.go:1076.19,1081.7 4 0
github.com/sarchlab/m2sim/timing/pipeline/pipeline.go:1082.6,1082.12 1 0
github.com/sarchlab/m2sim/timing/pipeline/pipeline.go:1084.5,1084.28 1 0
github.com/sarchlab/m2sim/timing/pipeline/pipeline.go:1090.2,1090.46 1 1
github.com/sarchlab/m2sim/timing/pipeline/pipeline.go:1090.46,1098.66 3 1
github.com/sarchlab/m2sim/timing/pipeline/pipeline.go:1098.66,1099.34 1 1
github.com/sarchlab/m2sim/timing/pipeline/pipeline.go:1099.34,1101.5 1 0
github.com/sarchlab/m2sim/timing/pipeline/pipeline.go:1102.4,1102.34 1 1
github.com/sarchlab/m2sim/timing/pipeline/pipeline.go:1102.34,1104.5 1 1
github.com/sarchlab/m2sim/timing/pipeline/pipeline.go:1107.3,1107.49 1 1
github.com/sarchlab/m2sim/timing/pipeline/pipeline.go:1107.49,1109.4 1 0
github.com/sarchlab/m2sim/timing/pipeline/pipeline.go:1111.3,1111.23 1 1
github.com/sarchlab/m2sim/timing/pipeline/pipeline.go:1111.23,1113.4 1 0
github.com/sarchlab/m2sim/timing/pipeline/pipeline.go:1115.3,1115.24 1 1
github.com/sarchlab/m2sim/timing/pipeline/pipeline.go:1115.24,1126.64 3 1
github.com/sarchlab/m2sim/timing/pipeline/pipeline.go:1126.64,1127.34 1 1
github.com/sarchlab/m2sim/timing/pipeline/pipeline.go:1127.34,1129.6 1 0
github.com/sarchlab/m2sim/timing/pipeline/pipeline.go:1130.5,1130.34 1 1
github.com/sarchlab/m2sim/timing/pipeline/pipeline.go:1130.34,1132.6 1 0
github.com/sarchlab/m2sim/timing/pipeline/pipeline.go:1136.4,1142.64 3 1
github.com/sarchlab/m2sim/timing/pipeline/pipeline.go:1142.64,1143.34 1 1
github.com/sarchlab/m2sim/timing/pipeline/pipeline.go:1143.34,1145.6 1 0
github.com/sarchlab/m2sim/timing/pipeline/pipeline.go:1146.5,1146.34 1 1
github.com/sarchlab/m2sim/timing/pipeline/pipeline.go:1146.34,1148.6 1 0
github.com/sarchlab/m2sim/timing/pipeline/pipeline.go:1152.4,1152.67 1 1
github.com/sarchlab/m2sim/timing/pipeline/pipeline.go:1152.67,1153.35 1 1
github.com/sarchlab/m2sim/timing/pipeline/pipeline.go:1153.35,1155.6 1 0
github.com/sarchlab/m2sim/timing/pipeline/pipeline.go:1156.5,1156.35 1 1
github.com/sarchlab/m2sim/timing/pipeline/pipeline.go:1156.35,1158.6 1 1
github.com/sarchlab/m2sim/timing/pipeline/pipeline.go:1161.4,1179.5 2 1
github.com/sarchlab/m2sim/timing/pipeline/pipeline.go:1184.2,1185.71 2 1
github.com/sarchlab/m2sim/timing/pipeline/pipeline.go:1185.71,1187.56 2 1
github.com/sarchlab/m2sim/timing/pipeline/pipeline.go:1187.56,1192.23 4 1
github.com/sarchlab/m2sim/timing/pipeline/pipeline.go:1193.35,1195.27 2 0
github.com/sarchlab/m2sim/timing/pipeline/pipeline.go:1198.4,1199.54 1 1
github.com/sarchlab/m2sim/timing/pipeline/pipeline.go:1203.2,1209.93 4 1
github.com/sarchlab/m2sim/timing/pipeline/pipeline.go:1209.93,1231.20 3 1
github.com/sarchlab/m2sim/timing/pipeline/pipeline.go:1231.20,1253.43 3 1
github.com/sarchlab/m2sim/timing/pipeline/pipeline.go:1253.43,1255.5 1 1
github.com/sarchlab/m2sim/timing/pipeline/pipeline.go:1260.8,1260.83 1 1
github.com/sarchlab/m2sim/timing/pipeline/pipeline.go:1260.83,1263.3 2 1
github.com/sarchlab/m2sim/timing/pipeline/pipeline.go:1266.2,1275.77 5 1
github.com/sarchlab/m2sim/timing/pipeline/pipeline.go:1275.77,1278.35 1 1
github.com/sarchlab/m2sim/timing/pipeline/pipeline.go:1278.35,1293.48 5 1
github.com/sarchlab/m2sim/timing/pipeline/pipeline.go:1293.48,1295.15 2 0
github.com/sarchlab/m2sim/timing/pipeline/pipeline.go:1295.15,1298.6 2 0
github.com/sarchlab/m2sim/timing/pipeline/pipeline.go:1299.10,1301.5 1 1
github.com/sarchlab/m2sim/timing/pipeline/pipeline.go:1302.4,1302.22 1 1
github.com/sarchlab/m2sim/timing/pipeline/pipeline.go:1302.22,1304.34 1 1
github.com/sarchlab/m2sim/timing/pipeline/pipeline.go:1304.34,1309.6 3 0
github.com/sarchlab/m2sim/timing/pipeline/pipeline.go:1309.11,1314.25 4 1
github.com/sarchlab/m2sim/timing/pipeline/pipeline.go:1314.25,1319.7 4 0
github.com/sarchlab/m2sim/timing/pipeline/pipeline.go:1321.6,1331.42 2 1
github.com/sarchlab/m2sim/timing/pipeline/pipeline.go:1331.42,1333.7 1 0
github.com/sarchlab/m2sim/timing/pipeline/pipeline.go:1333.12,1335.7 1 1
github.com/sarchlab/m2sim/timing/pipeline/pipeline.go:1337.10,1337.21 1 0
github.com/sarchlab/m2sim/timing/pipeline/pipeline.go:1337.21,1345.5 6 0
github.com/sarchlab/m2sim/timing/pipeline/pipeline.go:1346.9,1351.48 3 1
github.com/sarchlab/m2sim/timing/pipeline/pipeline.go:1351.48,1353.19 2 0
github.com/sarchlab/m2sim/timing/pipeline/pipeline.go:1353.19,1355.6 1 0
github.com/sarchlab/m2sim/timing/pipeline/pipeline.go:1356.10,1358.5 1 1
github.com/sarchlab/m2sim/timing/pipeline/pipeline.go:1360.4,1360.25 1 1
github.com/sarchlab/m2sim/timing/pipeline/pipeline.go:1360.25,1363.33 1 1
github.com/sarchlab/m2sim/timing/pipeline/pipeline.go:1363.33,1369.6 3 1
github.com/sarchlab/m2sim/timing/pipeline/pipeline.go:1369.11,1374.24 4 1
github.com/sarchlab/m2sim/timing/pipeline/pipeline.go:1374.24,1379.7 4 0
github.com/sarchlab/m2sim/timing/pipeline/pipeline.go:1381.6,1391.40 2 1
github.com/sarchlab/m2sim/timing/pipeline/pipeline.go:1391.40,1396.7 2 0
github.com/sarchlab/m2sim/timing/pipeline/pipeline.go:1396.12,1400.51 3 1
github.com/sarchlab/m2sim/timing/pipeline/pipeline.go:1400.51,1402.8 1 0
github.com/sarchlab/m2sim/timing/pipeline/pipeline.go:1402.13,1404.8 1 1
github.com/sarchlab/m2sim/timing/pipeline/pipeline.go:1406.7,1406.14 1 1
github.com/sarchlab/m2sim/timing/pipeline/pipeline.go:1406.14,1408.37 1 1
github.com/sarchlab/m2sim/timing/pipeline/pipeline.go:1408.37,1413.9 3 0
github.com/sarchlab/m2sim/timing/pipeline/pipeline.go:1413.14,1418.28 4 1
github.com/sarchlab/m2sim/timing/pipeline/pipeline.go:1418.28,1423.10 4 0
github.com/sarchlab/m2sim/timing/pipeline/pipeline.go:1425.9,1435.45 2 1
github.com/sarchlab/m2sim/timing/pipeline/pipeline.go:1435.45,1437.10 1 0
github.com/sarchlab/m2sim/timing/pipeline/pipeline.go:1437.15,1439.10 1 1
github.com/sarchlab/m2sim/timing/pipeline/pipeline.go:1441.13,1443.8 1 0
github.com/sarchlab/m2sim/timing/pipeline/pipeline.go:1446.10,1446.25 1 0
github.com/sarchlab/m2sim/timing/pipeline/pipeline.go:1446.25,1456.5 6 0
github.com/sarchlab/m2sim/timing/pipeline/pipeline.go:1458.8,1458.83 1 1
github.com/sarchlab/m2sim/timing/pipeline/pipeline.go:1458.83,1462.3 3 1
github.com/sarchlab/m2sim/timing/pipeline/pipeline.go:1465.2,1465.30 1 1
github.com/sarchlab/m2sim/timing/pipeline/pipeline.go:1465.30,1468.3 2 1
github.com/sarchlab/m2sim/timing/pipeline/pipeline.go:1468.8,1471.3 2 1
github.com/sarchlab/m2sim/timing/pipeline/pipeline.go:1472.2,1472.29 1 1
github.com/sarchlab/m2sim/timing/pipeline/pipeline.go:1472.29,1475.3 2 1
github.com/sarchlab/m2sim/timing/pipeline/pipeline.go:1476.2,1476.59 1 1
github.com/sarchlab/m2sim/timing/pipeline/pipeline.go:1476.59,1479.3 2 0
github.com/sarchlab/m2sim/timing/pipeline/pipeline.go:1479.8,1479.22 1 1
github.com/sarchlab/m2sim/timing/pipeline/pipeline.go:1479.22,1482.3 2 1
github.com/sarchlab/m2sim/timing/pipeline/pipeline.go:1483.2,1484.21 2 1
github.com/sarchlab/m2sim/timing/pipeline/pipeline.go:1491.36,1494.46 2 1
github.com/sarchlab/m2sim/timing/pipeline/pipeline.go:1494.46,1496.3 1 1
github.com/sarchlab/m2sim/timing/pipeline/pipeline.go:1499.2,1499.47 1 1
github.com/sarchlab/m2sim/timing/pipeline/pipeline.go:1499.47,1501.3 1 1
github.com/sarchlab/m2sim/timing/pipeline/pipeline.go:1504.2,1504.47 1 1
github.com/sarchlab/m2sim/timing/pipeline/pipeline.go:1504.47,1506.3 1 1
github.com/sarchlab/m2sim/timing/pipeline/pipeline.go:1509.2,1509.47 1 1
github.com/sarchlab/m2sim/timing/pipeline/pipeline.go:1509.47,1511.3 1 1
github.com/sarchlab/m2sim/timing/pipeline/pipeline.go:1514.2,1520.19 6 1
github.com/sarchlab/m2sim/timing/pipeline/pipeline.go:1520.19,1521.60 1 1
github.com/sarchlab/m2sim/timing/pipeline/pipeline.go:1521.60,1522.31 1 1
github.com/sarchlab/m2sim/timing/pipeline/pipeline.go:1522.31,1524.22 2 1
github.com/sarchlab/m2sim/timing/pipeline/pipeline.go:1524.22,1527.6 2 1
github.com/sarchlab/m2sim/timing/pipeline/pipeline.go:1531.3,1532.48 2 1
github.com/sarchlab/m2sim/timing/pipeline/pipeline.go:1532.48,1534.16 2 0
github.com/sarchlab/m2sim/timing/pipeline/pipeline.go:1534.16,1536.5 1 0
github.com/sarchlab/m2sim/timing/pipeline/pipeline.go:1537.9,1538.43 1 1
github.com/sarchlab/m2sim/timing/pipeline/pipeline.go:1538.43,1539.53 1 1
github.com/sarchlab/m2sim/timing/pipeline/pipeline.go:1539.53,1541.6 1 0
github.com/sarchlab/m2sim/timing/pipeline/pipeline.go:1542.5,1542.22 1 1
github.com/sarchlab/m2sim/timing/pipeline/pipeline.go:1542.22,1547.6 4 1
github.com/sarchlab/m2sim/timing/pipeline/pipeline.go:1547.11,1550.6 2 1
github.com/sarchlab/m2sim/timing/pipeline/pipeline.go:1551.10,1553.5 1 1
github.com/sarchlab/m2sim/timing/pipeline/pipeline.go:1556.3,1556.16 1 1
github.com/sarchlab/m2sim/timing/pipeline/pipeline.go:1556.16,1568.4 1 1
github.com/sarchlab/m2sim/timing/pipeline/pipeline.go:1572.2,1572.33 1 1
github.com/sarchlab/m2sim/timing/pipeline/pipeline.go:1572.33,1583.3 1 1
github.com/sarchlab/m2sim/timing/pipeline/pipeline.go:1586.2,1586.33 1 1
github.com/sarchlab/m2sim/timing/pipeline/pipeline.go:1586.33,1597.3 1 1
github.com/sarchlab/m2sim/timing/pipeline/pipeline.go:1600.2,1600.33 1 1
github.com/sarchlab/m2sim/timing/pipeline/pipeline.go:1600.33,1611.3 1 1
github.com/sarchlab/m2sim/timing/pipeline/pipeline.go:1614.2,1624.31 7 1
github.com/sarchlab/m2sim/timing/pipeline/pipeline.go:1624.31,1625.48 1 1
github.com/sarchlab/m2sim/timing/pipeline/pipeline.go:1625.48,1626.59 1 0
github.com/sarchlab/m2sim/timing/pipeline/pipeline.go:1626.59,1628.5 1 0
github.com/sarchlab/m2sim/timing/pipeline/pipeline.go:1628.10,1630.5 1 0
github.com/sarchlab/m2sim/timing/pipeline/pipeline.go:1633.3,1633.22 1 1
github.com/sarchlab/m2sim/timing/pipeline/pipeline.go:1633.22,1635.4 1 0
github.com/sarchlab/m2sim/timing/pipeline/pipeline.go:1637.3,1637.22 1 1
github.com/sarchlab/m2sim/timing/pipeline/pipeline.go:1637.22,1640.4 2 0
github.com/sarchlab/m2sim/timing/pipeline/pipeline.go:1640.9,1653.80 7 1
github.com/sarchlab/m2sim/timing/pipeline/pipeline.go:1653.80,1654.43 1 0
github.com/sarchlab/m2sim/timing/pipeline/pipeline.go:1654.43,1660.6 5 0
github.com/sarchlab/m2sim/timing/pipeline/pipeline.go:1660.11,1660.52 1 0
github.com/sarchlab/m2sim/timing/pipeline/pipeline.go:1660.52,1666.6 5 0
github.com/sarchlab/m2sim/timing/pipeline/pipeline.go:1666.11,1666.52 1 0
github.com/sarchlab/m2sim/timing/pipeline/pipeline.go:1666.52,1672.6 5 0
github.com/sarchlab/m2sim/timing/pipeline/pipeline.go:1672.11,1672.52 1 0
github.com/sarchlab/m2sim/timing/pipeline/pipeline.go:1672.52,1678.6 5 0
github.com/sarchlab/m2sim/timing/pipeline/pipeline.go:1681.4,1685.23 3 1
github.com/sarchlab/m2sim/timing/pipeline/pipeline.go:1685.23,1689.5 2 0
github.com/sarchlab/m2sim/timing/pipeline/pipeline.go:1691.4,1711.23 2 1
github.com/sarchlab/m2sim/timing/pipeline/pipeline.go:1711.23,1724.20 8 0
github.com/sarchlab/m2sim/timing/pipeline/pipeline.go:1724.20,1725.25 1 0
github.com/sarchlab/m2sim/timing/pipeline/pipeline.go:1725.25,1727.7 1 0
github.com/sarchlab/m2sim/timing/pipeline/pipeline.go:1727.12,1727.48 1 0
github.com/sarchlab/m2sim/timing/pipeline/pipeline.go:1727.48,1729.7 1 0
github.com/sarchlab/m2sim/timing/pipeline/pipeline.go:1730.11,1731.24 1 0
github.com/sarchlab/m2sim/timing/pipeline/pipeline.go:1731.24,1733.7 1 0
github.com/sarchlab/m2sim/timing/pipeline/pipeline.go:1737.5,1737.37 1 0
github.com/sarchlab/m2sim/timing/pipeline/pipeline.go:1737.37,1739.6 1 0
github.com/sarchlab/m2sim/timing/pipeline/pipeline.go:1742.5,1744.24 2 0
github.com/sarchlab/m2sim/timing/pipeline/pipeline.go:1744.24,1747.22 3 0
github.com/sarchlab/m2sim/timing/pipeline/pipeline.go:1747.22,1749.7 1 0
github.com/sarchlab/m2sim/timing/pipeline/pipeline.go:1750.6,1756.19 5 0
github.com/sarchlab/m2sim/timing/pipeline/pipeline.go:1756.19,1765.7 8 0
github.com/sarchlab/m2sim/timing/pipeline/pipeline.go:1766.6,1766.12 1 0
github.com/sarchlab/m2sim/timing/pipeline/pipeline.go:1768.5,1768.28 1 0
github.com/sarchlab/m2sim/timing/pipeline/pipeline.go:1774.2,1774.46 1 1
github.com/sarchlab/m2sim/timing/pipeline/pipeline.go:1774.46,1775.49 1 1
github.com/sarchlab/m2sim/timing/pipeline/pipeline.go:1775.49,1777.4 1 0
github.com/sarchlab/m2sim/timing/pipeline/pipeline.go:1779.3,1779.23 1 1
github.com/sarchlab/m2sim/timing/pipeline/pipeline.go:1779.23,1781.4 1 0
github.com/sarchlab/m2sim/timing/pipeline/pipeline.go:1783.3,1783.24 1 1
github.com/sarchlab/m2sim/timing/pipeline/pipeline.go:1783.24,1792.67 5 1
github.com/sarchlab/m2sim/timing/pipeline/pipeline.go:1792.67,1793.35 1 1
github.com/sarchlab/m2sim/timing/pipeline/pipeline.go:1793.35,1795.6 1 0
github.com/sarchlab/m2sim/timing/pipeline/pipeline.go:1796.5,1796.35 1 1
github.com/sarchlab/m2sim/timing/pipeline/pipeline.go:1796.35,1798.6 1 1
github.com/sarchlab/m2sim/timing/pipeline/pipeline.go:1801.4,1820.5 3 1
github.com/sarchlab/m2sim/timing/pipeline/pipeline.go:1825.2,1825.46 1 1
github.com/sarchlab/m2sim/timing/pipeline/pipeline.go:1825.46,1826.49 1 1
github.com/sarchlab/m2sim/timing/pipeline/pipeline.go:1826.49,1828.4 1 0
github.com/sarchlab/m2sim/timing/pipeline/pipeline.go:1830.3,1830.23 1 1
github.com/sarchlab/m2sim/timing/pipeline/pipeline.go:1830.23,1832.4 1 0
github.com/sarchlab/m2sim/timing/pipeline/pipeline.go:1834.3,1834.24 1 1
github.com/sarchlab/m2sim/timing/pipeline/pipeline.go:1834.24,1843.67 5 1
github.com/sarchlab/m2sim/timing/pipeline/pipeline.go:1843.67,1844.35 1 1
github.com/sarchlab/m2sim/timing/pipeline/pipeline.go:1844.35,1846.6 1 0
github.com/sarchlab/m2sim/timing/pipeline/pipeline.go:1847.5,1847.35 1 1
github.com/sarchlab/m2sim/timing/pipeline/pipeline.go:1847.35,1849.6 1 1
github.com/sarchlab/m2sim/timing/pipeline/pipeline.go:1851.4,1851.70 1 1
github.com/sarchlab/m2sim/timing/pipeline/pipeline.go:1851.70,1852.36 1 1
github.com/sarchlab/m2sim/timing/pipeline/pipeline.go:1852.36,1854.6 1 0
github.com/sarchlab/m2sim/timing/pipeline/pipeline.go:1855.5,1855.36 1 1
github.com/sarchlab/m2sim/timing/pipeline/pipeline.go:1855.36,1857.6 1 0
github.com/sarchlab/m2sim/timing/pipeline/pipeline.go:1860.4,1879.5 3 1
github.com/sarchlab/m2sim/timing/pipeline/pipeline.go:1884.2,1884.46 1 1
github.com/sarchlab/m2sim/timing/pipeline/pipeline.go:1884.46,1885.49 1 1
github.com/sarchlab/m2sim/timing/pipeline/pipeline.go:1885.49,1887.4 1 0
github.com/sarchlab/m2sim/timing/pipeline/pipeline.go:1889.3,1889.23 1 1
github.com/sarchlab/m2sim/timing/pipeline/pipeline.go:1889.23,1891.4 1 0
github.com/sarchlab/m2sim/timing/pipeline/pipeline.go:1893.3,1893.24 1 1
github.com/sarchlab/m2sim/timing/pipeline/pipeline.go:1893.24,1902.67 5 1
github.com/sarchlab/m2sim/timing/pipeline/pipeline.go:1902.67,1903.35 1 1
github.com/sarchlab/m2sim/timing/pipeline/pipeline.go:1903.35,1905.6 1 0
github.com/sarchlab/m2sim/timing/pipeline/pipeline.go:1906.5,1906.35 1 1
github.com/sarchlab/m2sim/timing/pipeline/pipeline.go:1906.35,1908.6 1 1
github.com/sarchlab/m2sim/timing/pipeline/pipeline.go:1910.4,1910.70 1 1
github.com/sarchlab/m2sim/timing/pipeline/pipeline.go:1910.70,1911.36 1 1
github.com/sarchlab/m2sim/timing/pipeline/pipeline.go:1911.36,1913.6 1 0
github.com/sarchlab/m2sim/timing/pipeline/pipeline.go:1914.5,1914.36 1 1
github.com/sarchlab/m2sim/timing/pipeline/pipeline.go:1914.36,1916.6 1 0
github.com/sarchlab/m2sim/timing/pipeline/pipeline.go:1918.4,1918.70 1 1
github.com/sarchlab/m2sim/timing/pipeline/pipeline.go:1918.70,1919.36 1 1
github.com/sarchlab/m2sim/timing/pipeline/pipeline.go:1919.36,1921.6 1 0
github.com/sarchlab/m2sim/timing/pipeline/pipeline.go:1922.5,1922.36 1 1
github.com/sarchlab/m2sim/timing/pipeline/pipeline.go:1922.36,1924.6 1 0
github.com/sarchlab/m2sim/timing/pipeline/pipeline.go:1927.4,1946.5 3 1
github.com/sarchlab/m2sim/timing/pipeline/pipeline.go:1951.2,1952.71 2 1
github.com/sarchlab/m2sim/timing/pipeline/pipeline.go:1952.71,1954.56 2 1
github.com/sarchlab/m2sim/timing/pipeline/pipeline.go:1954.56,1959.23 4 1
github.com/sarchlab/m2sim/timing/pipeline/pipeline.go:1960.35,1962.27 2 0
github.com/sarchlab/m2sim/timing/pipeline/pipeline.go:1965.4,1966.54 1 1
github.com/sarchlab/m2sim/timing/pipeline/pipeline.go:1970.2,1978.93 6 1
github.com/sarchlab/m2sim/timing/pipeline/pipeline.go:1978.93,2003.20 4 1
github.com/sarchlab/m2sim/timing/pipeline/pipeline.go:2003.20,2021.45 3 1
github.com/sarchlab/m2sim/timing/pipeline/pipeline.go:2021.45,2024.5 2 1
github.com/sarchlab/m2sim/timing/pipeline/pipeline.go:2028.3,2028.39 1 1
github.com/sarchlab/m2sim/timing/pipeline/pipeline.go:2028.39,2046.45 3 1
github.com/sarchlab/m2sim/timing/pipeline/pipeline.go:2046.45,2049.5 2 1
github.com/sarchlab/m2sim/timing/pipeline/pipeline.go:2053.3,2053.39 1 1
github.com/sarchlab/m2sim/timing/pipeline/pipeline.go:2053.39,2071.45 3 1
github.com/sarchlab/m2sim/timing/pipeline/pipeline.go:2071.45,2073.5 1 1
github.com/sarchlab/m2sim/timing/pipeline/pipeline.go:2075.8,2075.83 1 1
github.com/sarchlab/m2sim/timing/pipeline/pipeline.go:2075.83,2080.3 4 1
github.com/sarchlab/m2sim/timing/pipeline/pipeline.go:2083.2,2084.20 2 1
github.com/sarchlab/m2sim/timing/pipeline/pipeline.go:2084.20,2086.3 1 1
github.com/sarchlab/m2sim/timing/pipeline/pipeline.go:2087.2,2087.21 1 1
github.com/sarchlab/m2sim/timing/pipeline/pipeline.go:2087.21,2089.3 1 1
github.com/sarchlab/m2sim/timing/pipeline/pipeline.go:2090.2,2090.21 1 1
github.com/sarchlab/m2sim/timing/pipeline/pipeline.go:2090.21,2092.3 1 1
github.com/sarchlab/m2sim/timing/pipeline/pipeline.go:2093.2,2093.21 1 1
github.com/sarchlab/m2sim/timing/pipeline/pipeline.go:2093.21,2095.3 1 1
github.com/sarchlab/m2sim/timing/pipeline/pipeline.go:2098.2,2104.77 6 1
github.com/sarchlab/m2sim/timing/pipeline/pipeline.go:2104.77,2114.40 5 1
github.com/sarchlab/m2sim/timing/pipeline/pipeline.go:2114.40,2117.28 1 1
github.com/sarchlab/m2sim/timing/pipeline/pipeline.go:2117.28,2118.10 1 0
github.com/sarchlab/m2sim/timing/pipeline/pipeline.go:2120.4,2120.19 1 1
github.com/sarchlab/m2sim/timing/pipeline/pipeline.go:2121.11,2126.23 4 1
github.com/sarchlab/m2sim/timing/pipeline/pipeline.go:2126.23,2131.6 4 0
github.com/sarchlab/m2sim/timing/pipeline/pipeline.go:2132.5,2141.39 2 1
github.com/sarchlab/m2sim/timing/pipeline/pipeline.go:2141.39,2144.6 2 0
github.com/sarchlab/m2sim/timing/pipeline/pipeline.go:2145.11,2146.98 1 1
github.com/sarchlab/m2sim/timing/pipeline/pipeline.go:2147.11,2148.97 1 1
github.com/sarchlab/m2sim/timing/pipeline/pipeline.go:2149.11,2150.99 1 0
github.com/sarchlab/m2sim/timing/pipeline/pipeline.go:2152.4,2152.13 1 1
github.com/sarchlab/m2sim/timing/pipeline/pipeline.go:2156.3,2156.19 1 1
github.com/sarchlab/m2sim/timing/pipeline/pipeline.go:2156.19,2160.48 3 1
github.com/sarchlab/m2sim/timing/pipeline/pipeline.go:2160.48,2162.19 2 0
github.com/sarchlab/m2sim/timing/pipeline/pipeline.go:2162.19,2164.11 2 0
github.com/sarchlab/m2sim/timing/pipeline/pipeline.go:2166.10,2168.5 1 1
github.com/sarchlab/m2sim/timing/pipeline/pipeline.go:2170.4,2170.11 1 1
github.com/sarchlab/m2sim/timing/pipeline/pipeline.go:2170.11,2171.10 1 0
github.com/sarchlab/m2sim/timing/pipeline/pipeline.go:2176.4,2176.32 1 1
github.com/sarchlab/m2sim/timing/pipeline/pipeline.go:2176.32,2182.13 4 0
github.com/sarchlab/m2sim/timing/pipeline/pipeline.go:2186.4,2186.20 1 1
github.com/sarchlab/m2sim/timing/pipeline/pipeline.go:2186.20,2190.23 4 1
github.com/sarchlab/m2sim/timing/pipeline/pipeline.go:2190.23,2195.6 4 0
github.com/sarchlab/m2sim/timing/pipeline/pipeline.go:2197.5,2207.39 2 1
github.com/sarchlab/m2sim/timing/pipeline/pipeline.go:2207.39,2210.14 3 0
github.com/sarchlab/m2sim/timing/pipeline/pipeline.go:2212.10,2213.20 1 1
github.com/sarchlab/m2sim/timing/pipeline/pipeline.go:2214.12,2215.88 1 1
github.com/sarchlab/m2sim/timing/pipeline/pipeline.go:2216.12,2217.87 1 1
github.com/sarchlab/m2sim/timing/pipeline/pipeline.go:2218.12,2219.89 1 1
github.com/sarchlab/m2sim/timing/pipeline/pipeline.go:2222.4,2223.13 2 1
github.com/sarchlab/m2sim/timing/pipeline/pipeline.go:2225.3,2227.17 2 1
github.com/sarchlab/m2sim/timing/pipeline/pipeline.go:2227.17,2241.4 12 0
github.com/sarchlab/m2sim/timing/pipeline/pipeline.go:2242.8,2242.83 1 1
github.com/sarchlab/m2sim/timing/pipeline/pipeline.go:2242.83,2248.3 5 1
github.com/sarchlab/m2sim/timing/pipeline/pipeline.go:2251.2,2251.30 1 1
github.com/sarchlab/m2sim/timing/pipeline/pipeline.go:2251.30,2256.3 4 1
github.com/sarchlab/m2sim/timing/pipeline/pipeline.go:2256.8,2261.3 4 1
github.com/sarchlab/m2sim/timing/pipeline/pipeline.go:2262.2,2262.29 1 1
github.com/sarchlab/m2sim/timing/pipeline/pipeline.go:2262.29,2267.3 4 1
github.com/sarchlab/m2sim/timing/pipeline/pipeline.go:2268.2,2268.59 1 1
github.com/sarchlab/m2sim/timing/pipeline/pipeline.go:2268.59,2273.3 4 1
github.com/sarchlab/m2sim/timing/pipeline/pipeline.go:2273.8,2273.22 1 1
github.com/sarchlab/m2sim/timing/pipeline/pipeline.go:2273.22,2278.3 4 1
github.com/sarchlab/m2sim/timing/pipeline/pipeline.go:2279.2,2282.21 4 1
github.com/sarchlab/m2sim/timing/pipeline/pipeline.go:2297.87,2302.18 3 1
github.com/sarchlab/m2sim/timing/pipeline/pipeline.go:2302.18,2304.3 1 1
github.com/sarchlab/m2sim/timing/pipeline/pipeline.go:2305.2,2305.19 1 1
github.com/sarchlab/m2sim/timing/pipeline/pipeline.go:2305.19,2307.3 1 1
github.com/sarchlab/m2sim/timing/pipeline/pipeline.go:2308.2,2308.19 1 1
github.com/sarchlab/m2sim/timing/pipeline/pipeline.go:2308.19,2310.3 1 1
github.com/sarchlab/m2sim/timing/pipeline/pipeline.go:2311.2,2311.19 1 1
github.com/sarchlab/m2sim/timing/pipeline/pipeline.go:2311.19,2313.3 1 1
github.com/sarchlab/m2sim/timing/pipeline/pipeline.go:2316.2,2316.34 1 1
github.com/sarchlab/m2sim/timing/pipeline/pipeline.go:2316.34,2318.3 1 1
github.com/sarchlab/m2sim/timing/pipeline/pipeline.go:2320.2,2320.16 1 1
github.com/sarchlab/m2sim/timing/pipeline/pipeline.go:2326.79,2327.15 1 1
github.com/sarchlab/m2sim/timing/pipeline/pipeline.go:2327.15,2329.3 1 1
github.com/sarchlab/m2sim/timing/pipeline/pipeline.go:2332.2,2332.60 1 1
github.com/sarchlab/m2sim/timing/pipeline/pipeline.go:2332.60,2333.23 1 1
github.com/sarchlab/m2sim/timing/pipeline/pipeline.go:2333.23,2335.4 1 1
github.com/sarchlab/m2sim/timing/pipeline/pipeline.go:2335.9,2337.4 1 1
github.com/sarchlab/m2sim/timing/pipeline/pipeline.go:2339.2,2339.63 1 1
github.com/sarchlab/m2sim/timing/pipeline/pipeline.go:2339.63,2341.3 1 0
github.com/sarchlab/m2sim/timing/pipeline/pipeline.go:2342.2,2342.63 1 1
github.com/sarchlab/m2sim/timing/pipeline/pipeline.go:2342.63,2344.3 1 0
github.com/sarchlab/m2sim/timing/pipeline/pipeline.go:2345.2,2345.63 1 1
github.com/sarchlab/m2sim/timing/pipeline/pipeline.go:2345.63,2347.3 1 0
github.com/sarchlab/m2sim/timing/pipeline/pipeline.go:2348.2,2348.63 1 1
github.com/sarchlab/m2sim/timing/pipeline/pipeline.go:2348.63,2350.3 1 0
github.com/sarchlab/m2sim/timing/pipeline/pipeline.go:2351.2,2351.63 1 1
github.com/sarchlab/m2sim/timing/pipeline/pipeline.go:2351.63,2353.3 1 0
github.com/sarchlab/m2sim/timing/pipeline/pipeline.go:2354.2,2354.63 1 1
github.com/sarchlab/m2sim/timing/pipeline/pipeline.go:2354.63,2356.3 1 0
github.com/sarchlab/m2sim/timing/pipeline/pipeline.go:2357.2,2357.63 1 1
github.com/sarchlab/m2sim/timing/pipeline/pipeline.go:2357.63,2359.3 1 0
github.com/sarchlab/m2sim/timing/pipeline/pipeline.go:2362.2,2362.60 1 1
github.com/sarchlab/m2sim/timing/pipeline/pipeline.go:2362.60,2364.3 1 1
github.com/sarchlab/m2sim/timing/pipeline/pipeline.go:2365.2,2365.63 1 1
github.com/sarchlab/m2sim/timing/pipeline/pipeline.go:2365.63,2367.3 1 0
github.com/sarchlab/m2sim/timing/pipeline/pipeline.go:2368.2,2368.63 1 1
github.com/sarchlab/m2sim/timing/pipeline/pipeline.go:2368.63,2370.3 1 0
github.com/sarchlab/m2sim/timing/pipeline/pipeline.go:2371.2,2371.63 1 1
github.com/sarchlab/m2sim/timing/pipeline/pipeline.go:2371.63,2373.3 1 0
github.com/sarchlab/m2sim/timing/pipeline/pipeline.go:2374.2,2374.63 1 1
github.com/sarchlab/m2sim/timing/pipeline/pipeline.go:2374.63,2376.3 1 0
github.com/sarchlab/m2sim/timing/pipeline/pipeline.go:2377.2,2377.63 1 1
github.com/sarchlab/m2sim/timing/pipeline/pipeline.go:2377.63,2379.3 1 0
github.com/sarchlab/m2sim/timing/pipeline/pipeline.go:2380.2,2380.63 1 1
github.com/sarchlab/m2sim/timing/pipeline/pipeline.go:2380.63,2382.3 1 0
github.com/sarchlab/m2sim/timing/pipeline/pipeline.go:2383.2,2383.63 1 1
github.com/sarchlab/m2sim/timing/pipeline/pipeline.go:2383.63,2385.3 1 0
github.com/sarchlab/m2sim/timing/pipeline/pipeline.go:2387.2,2387.21 1 1
github.com/sarchlab/m2sim/timing/pipeline/pipeline.go:2393.35,2402.2 8 1
github.com/sarchlab/m2sim/timing/pipeline/pipeline.go:2407.35,2416.2 8 1
github.com/sarchlab/m2sim/timing/pipeline/pipeline.go:2420.40,2423.46 2 1
github.com/sarchlab/m2sim/timing/pipeline/pipeline.go:2423.46,2426.22 2 1
github.com/sarchlab/m2sim/timing/pipeline/pipeline.go:2426.22,2428.4 1 0
github.com/sarchlab/m2sim/timing/pipeline/pipeline.go:2432.2,2432.47 1 1
github.com/sarchlab/m2sim/timing/pipeline/pipeline.go:2432.47,2434.3 1 1
github.com/sarchlab/m2sim/timing/pipeline/pipeline.go:2437.2,2437.47 1 1
github.com/sarchlab/m2sim/timing/pipeline/pipeline.go:2437.47,2439.3 1 1
github.com/sarchlab/m2sim/timing/pipeline/pipeline.go:2442.2,2442.47 1 1
github.com/sarchlab/m2sim/timing/pipeline/pipeline.go:2442.47,2444.3 1 1
github.com/sarchlab/m2sim/timing/pipeline/pipeline.go:2447.2,2447.47 1 1
github.com/sarchlab/m2sim/timing/pipeline/pipeline.go:2447.47,2449.3 1 1
github.com/sarchlab/m2sim/timing/pipeline/pipeline.go:2452.2,2452.47 1 1
github.com/sarchlab/m2sim/timing/pipeline/pipeline.go:2452.47,2454.3 1 1
github.com/sarchlab/m2sim/timing/pipeline/pipeline.go:2457.2,2465.19 8 1
github.com/sarchlab/m2sim/timing/pipeline/pipeline.go:2465.19,2466.60 1 1
github.com/sarchlab/m2sim/timing/pipeline/pipeline.go:2466.60,2467.31 1 1
github.com/sarchlab/m2sim/timing/pipeline/pipeline.go:2467.31,2469.22 2 1
github.com/sarchlab/m2sim/timing/pipeline/pipeline.go:2469.22,2472.6 2 1
github.com/sarchlab/m2sim/timing/pipeline/pipeline.go:2476.3,2477.48 2 1
github.com/sarchlab/m2sim/timing/pipeline/pipeline.go:2477.48,2479.16 2 0
github.com/sarchlab/m2sim/timing/pipeline/pipeline.go:2479.16,2481.5 1 0
github.com/sarchlab/m2sim/timing/pipeline/pipeline.go:2482.9,2483.43 1 1
github.com/sarchlab/m2sim/timing/pipeline/pipeline.go:2483.43,2484.53 1 0
github.com/sarchlab/m2sim/timing/pipeline/pipeline.go:2484.53,2486.6 1 0
github.com/sarchlab/m2sim/timing/pipeline/pipeline.go:2487.5,2487.22 1 0
github.com/sarchlab/m2sim/timing/pipeline/pipeline.go:2487.22,2492.6 4 0
github.com/sarchlab/m2sim/timing/pipeline/pipeline.go:2492.11,2495.6 2 0
github.com/sarchlab/m2sim/timing/pipeline/pipeline.go:2496.10,2498.5 1 1
github.com/sarchlab/m2sim/timing/pipeline/pipeline.go:2501.3,2501.16 1 1
github.com/sarchlab/m2sim/timing/pipeline/pipeline.go:2501.16,2513.4 1 1
github.com/sarchlab/m2sim/timing/pipeline/pipeline.go:2517.2,2517.33 1 1
github.com/sarchlab/m2sim/timing/pipeline/pipeline.go:2517.33,2528.3 1 1
github.com/sarchlab/m2sim/timing/pipeline/pipeline.go:2531.2,2531.33 1 1
github.com/sarchlab/m2sim/timing/pipeline/pipeline.go:2531.33,2542.3 1 1
github.com/sarchlab/m2sim/timing/pipeline/pipeline.go:2545.2,2545.33 1 1
github.com/sarchlab/m2sim/timing/pipeline/pipeline.go:2545.33,2556.3 1 1
github.com/sarchlab/m2sim/timing/pipeline/pipeline.go:2559.2,2559.33 1 1
github.com/sarchlab/m2sim/timing/pipeline/pipeline.go:2559.33,2570.3 1 1
github.com/sarchlab/m2sim/timing/pipeline/pipeline.go:2573.2,2573.33 1 1
github.com/sarchlab/m2sim/timing/pipeline/pipeline.go:2573.33,2584.3 1 1
github.com/sarchlab/m2sim/timing/pipeline/pipeline.go:2587.2,2599.31 9 1
github.com/sarchlab/m2sim/timing/pipeline/pipeline.go:2599.31,2600.48 1 1
github.com/sarchlab/m2sim/timing/pipeline/pipeline.go:2600.48,2601.59 1 0
github.com/sarchlab/m2sim/timing/pipeline/pipeline.go:2601.59,2603.5 1 0
github.com/sarchlab/m2sim/timing/pipeline/pipeline.go:2603.10,2605.5 1 0
github.com/sarchlab/m2sim/timing/pipeline/pipeline.go:2608.3,2608.22 1 1
github.com/sarchlab/m2sim/timing/pipeline/pipeline.go:2608.22,2610.4 1 0
github.com/sarchlab/m2sim/timing/pipeline/pipeline.go:2612.3,2612.22 1 1
github.com/sarchlab/m2sim/timing/pipeline/pipeline.go:2612.22,2615.4 2 0
github.com/sarchlab/m2sim/timing/pipeline/pipeline.go:2615.9,2628.80 7 1
github.com/sarchlab/m2sim/timing/pipeline/pipeline.go:2628.80,2629.43 1 0
github.com/sarchlab/m2sim/timing/pipeline/pipeline.go:2629.43,2635.6 5 0
github.com/sarchlab/m2sim/timing/pipeline/pipeline.go:2635.11,2635.52 1 0
github.com/sarchlab/m2sim/timing/pipeline/pipeline.go:2635.52,2641.6 5 0
github.com/sarchlab/m2sim/timing/pipeline/pipeline.go:2641.11,2641.52 1 0
github.com/sarchlab/m2sim/timing/pipeline/pipeline.go:2641.52,2647.6 5 0
github.com/sarchlab/m2sim/timing/pipeline/pipeline.go:2647.11,2647.52 1 0
github.com/sarchlab/m2sim/timing/pipeline/pipeline.go:2647.52,2653.6 5 0
github.com/sarchlab/m2sim/timing/pipeline/pipeline.go:2653.11,2653.52 1 0
github.com/sarchlab/m2sim/timing/pipeline/pipeline.go:2653.52,2659.6 5 0
github.com/sarchlab/m2sim/timing/pipeline/pipeline.go:2659.11,2659.52 1 0
github.com/sarchlab/m2sim/timing/pipeline/pipeline.go:2659.52,2665.6 5 0
github.com/sarchlab/m2sim/timing/pipeline/pipeline.go:2668.4,2672.23 3 1
github.com/sarchlab/m2sim/timing/pipeline/pipeline.go:2672.23,2676.5 2 0
github.com/sarchlab/m2sim/timing/pipeline/pipeline.go:2678.4,2699.23 2 1
github.com/sarchlab/m2sim/timing/pipeline/pipeline.go:2699.23,2710.20 8 0
github.com/sarchlab/m2sim/timing/pipeline/pipeline.go:2710.20,2711.25 1 0
github.com/sarchlab/m2sim/timing/pipeline/pipeline.go:2711.25,2713.7 1 0
github.com/sarchlab/m2sim/timing/pipeline/pipeline.go:2713.12,2713.48 1 0
github.com/sarchlab/m2sim/timing/pipeline/pipeline.go:2713.48,2715.7 1 0
github.com/sarchlab/m2sim/timing/pipeline/pipeline.go:2716.11,2717.24 1 0
github.com/sarchlab/m2sim/timing/pipeline/pipeline.go:2717.24,2719.7 1 0
github.com/sarchlab/m2sim/timing/pipeline/pipeline.go:2722.5,2722.37 1 0
github.com/sarchlab/m2sim/timing/pipeline/pipeline.go:2722.37,2724.6 1 0
github.com/sarchlab/m2sim/timing/pipeline/pipeline.go:2726.5,2728.24 2 0
github.com/sarchlab/m2sim/timing/pipeline/pipeline.go:2728.24,2731.22 3 0
github.com/sarchlab/m2sim/timing/pipeline/pipeline.go:2731.22,2733.7 1 0
github.com/sarchlab/m2sim/timing/pipeline/pipeline.go:2734.6,2740.19 5 0
github.com/sarchlab/m2sim/timing/pipeline/pipeline.go:2740.19,2753.7 12 0
github.com/sarchlab/m2sim/timing/pipeline/pipeline.go:2754.6,2754.12 1 0
github.com/sarchlab/m2sim/timing/pipeline/pipeline.go:2756.5,2756.28 1 0
github.com/sarchlab/m2sim/timing/pipeline/pipeline.go:2762.2,2762.46 1 1
github.com/sarchlab/m2sim/timing/pipeline/pipeline.go:2762.46,2763.49 1 1
github.com/sarchlab/m2sim/timing/pipeline/pipeline.go:2763.49,2765.4 1 0
github.com/sarchlab/m2sim/timing/pipeline/pipeline.go:2766.3,2766.23 1 1
github.com/sarchlab/m2sim/timing/pipeline/pipeline.go:2766.23,2768.4 1 0
github.com/sarchlab/m2sim/timing/pipeline/pipeline.go:2769.3,2769.24 1 1
github.com/sarchlab/m2sim/timing/pipeline/pipeline.go:2769.24,2772.67 3 1
github.com/sarchlab/m2sim/timing/pipeline/pipeline.go:2772.67,2773.35 1 1
github.com/sarchlab/m2sim/timing/pipeline/pipeline.go:2773.35,2775.6 1 0
github.com/sarchlab/m2sim/timing/pipeline/pipeline.go:2776.5,2776.35 1 1
github.com/sarchlab/m2sim/timing/pipeline/pipeline.go:2776.35,2778.6 1 1
github.com/sarchlab/m2sim/timing/pipeline/pipeline.go:2780.4,2798.5 3 1
github.com/sarchlab/m2sim/timing/pipeline/pipeline.go:2803.2,2803.46 1 1
github.com/sarchlab/m2sim/timing/pipeline/pipeline.go:2803.46,2804.49 1 1
github.com/sarchlab/m2sim/timing/pipeline/pipeline.go:2804.49,2806.4 1 0
github.com/sarchlab/m2sim/timing/pipeline/pipeline.go:2807.3,2807.23 1 1
github.com/sarchlab/m2sim/timing/pipeline/pipeline.go:2807.23,2809.4 1 0
github.com/sarchlab/m2sim/timing/pipeline/pipeline.go:2810.3,2810.24 1 1
github.com/sarchlab/m2sim/timing/pipeline/pipeline.go:2810.24,2813.67 3 1
github.com/sarchlab/m2sim/timing/pipeline/pipeline.go:2813.67,2814.35 1 1
github.com/sarchlab/m2sim/timing/pipeline/pipeline.go:2814.35,2816.6 1 0
github.com/sarchlab/m2sim/timing/pipeline/pipeline.go:2817.5,2817.35 1 1
github.com/sarchlab/m2sim/timing/pipeline/pipeline.go:2817.35,2819.6 1 1
github.com/sarchlab/m2sim/timing/pipeline/pipeline.go:2821.4,2821.70 1 1
github.com/sarchlab/m2sim/timing/pipeline/pipeline.go:2821.70,2822.36 1 1
github.com/sarchlab/m2sim/timing/pipeline/pipeline.go:2822.36,2824.6 1 0
github.com/sarchlab/m2sim/timing/pipeline/pipeline.go:2825.5,2825.36 1 1
github.com/sarchlab/m2sim/timing/pipeline/pipeline.go:2825.36,2827.6 1 0
github.com/sarchlab/m2sim/timing/pipeline/pipeline.go:2829.4,2847.5 3 1
github.com/sarchlab/m2sim/timing/pipeline/pipeline.go:2852.2,2852.46 1 1
github.com/sarchlab/m2sim/timing/pipeline/pipeline.go:2852.46,2853.49 1 1
github.com/sarchlab/m2sim/timing/pipeline/pipeline.go:2853.49,2855.4 1 0
github.com/sarchlab/m2sim/timing/pipeline/pipeline.go:2856.3,2856.23 1 1
github.com/sarchlab/m2sim/timing/pipeline/pipeline.go:2856.23,2858.4 1 0
github.com/sarchlab/m2sim/timing/pipeline/pipeline.go:2859.3,2859.24 1 1
github.com/sarchlab/m2sim/timing/pipeline/pipeline.go:2859.24,2862.67 3 1
github.com/sarchlab/m2sim/timing/pipeline/pipeline.go:2862.67,2863.35 1 1
github.com/sarchlab/m2sim/timing/pipeline/pipeline.go:2863.35,2865.6 1 0
github.com/sarchlab/m2sim/timing/pipeline/pipeline.go:2866.5,2866.35 1 1
github.com/sarchlab/m2sim/timing/pipeline/pipeline.go:2866.35,2868.6 1 1
github.com/sarchlab/m2sim/timing/pipeline/pipeline.go:2870.4,2870.70 1 1
github.com/sarchlab/m2sim/timing/pipeline/pipeline.go:2870.70,2871.36 1 1
github.com/sarchlab/m2sim/timing/pipeline/pipeline.go:2871.36,2873.6 1 0
github.com/sarchlab/m2sim/timing/pipeline/pipeline.go:2874.5,2874.36 1 1
github.com/sarchlab/m2sim/timing/pipeline/pipeline.go:2874.36,2876.6 1 0
github.com/sarchlab/m2sim/timing/pipeline/pipeline.go:2878.4,2878.70 1 1
github.com/sarchlab/m2sim/timing/pipeline/pipeline.go:2878.70,2879.36 1 1
github.com/sarchlab/m2sim/timing/pipeline/pipeline.go:2879.36,2881.6 1 0
github.com/sarchlab/m2sim/timing/pipeline/pipeline.go:2882.5,2882.36 1 1
github.com/sarchlab/m2sim/timing/pipeline/pipeline.go:2882.36,2884.6 1 0
github.com/sarchlab/m2sim/timing/pipeline/pipeline.go:2886.4,2904.5 3 1
github.com/sarchlab/m2sim/timing/pipeline/pipeline.go:2909.2,2909.46 1 1
github.com/sarchlab/m2sim/timing/pipeline/pipeline.go:2909.46,2910.49 1 1
github.com/sarchlab/m2sim/timing/pipeline/pipeline.go:2910.49,2912.4 1 0
github.com/sarchlab/m2sim/timing/pipeline/pipeline.go:2913.3,2913.23 1 1
github.com/sarchlab/m2sim/timing/pipeline/pipeline.go:2913.23,2915.4 1 0
github.com/sarchlab/m2sim/timing/pipeline/pipeline.go:2916.3,2916.24 1 1
github.com/sarchlab/m2sim/timing/pipeline/pipeline.go:2916.24,2919.67 3 1
github.com/sarchlab/m2sim/timing/pipeline/pipeline.go:2919.67,2920.35 1 1
github.com/sarchlab/m2sim/timing/pipeline/pipeline.go:2920.35,2922.6 1 0
github.com/sarchlab/m2sim/timing/pipeline/pipeline.go:2923.5,2923.35 1 1
github.com/sarchlab/m2sim/timing/pipeline/pipeline.go:2923.35,2925.6 1 1
github.com/sarchlab/m2sim/timing/pipeline/pipeline.go:2927.4,2927.70 1 1
github.com/sarchlab/m2sim/timing/pipeline/pipeline.go:2927.70,2928.36 1 1
github.com/sarchlab/m2sim/timing/pipeline/pipeline.go:2928.36,2930.6 1 0
github.com/sarchlab/m2sim/timing/pipeline/pipeline.go:2931.5,2931.36 1 1
github.com/sarchlab/m2sim/timing/pipeline/pipeline.go:2931.36,2933.6 1 0
github.com/sarchlab/m2sim/timing/pipeline/pipeline.go:2935.4,2935.70 1 1
github.com/sarchlab/m2sim/timing/pipeline/pipeline.go:2935.70,2936.36 1 1
github.com/sarchlab/m2sim/timing/pipeline/pipeline.go:2936.36,2938.6 1 0
github.com/sarchlab/m2sim/timing/pipeline/pipeline.go:2939.5,2939.36 1 1
github.com/sarchlab/m2sim/timing/pipeline/pipeline.go:2939.36,2941.6 1 0
github.com/sarchlab/m2sim/timing/pipeline/pipeline.go:2943.4,2943.70 1 1
github.com/sarchlab/m2sim/timing/pipeline/pipeline.go:2943.70,2944.36 1 1
github.com/sarchlab/m2sim/timing/pipeline/pipeline.go:2944.36,2946.6 1 0
github.com/sarchlab/m2sim/timing/pipeline/pipeline.go:2947.5,2947.36 1 1
github.com/sarchlab/m2sim/timing/pipeline/pipeline.go:2947.36,2949.6 1 0
github.com/sarchlab/m2sim/timing/pipeline/pipeline.go:2951.4,2969.5 3 1
github.com/sarchlab/m2sim/timing/pipeline/pipeline.go:2974.2,2974.46 1 1
github.com/sarchlab/m2sim/timing/pipeline/pipeline.go:2974.46,2975.49 1 1
github.com/sarchlab/m2sim/timing/pipeline/pipeline.go:2975.49,2977.4 1 0
github.com/sarchlab/m2sim/timing/pipeline/pipeline.go:2978.3,2978.23 1 1
github.com/sarchlab/m2sim/timing/pipeline/pipeline.go:2978.23,2980.4 1 0
github.com/sarchlab/m2sim/timing/pipeline/pipeline.go:2981.3,2981.24 1 1
github.com/sarchlab/m2sim/timing/pipeline/pipeline.go:2981.24,2984.67 3 1
github.com/sarchlab/m2sim/timing/pipeline/pipeline.go:2984.67,2985.35 1 1
github.com/sarchlab/m2sim/timing/pipeline/pipeline.go:2985.35,2987.6 1 0
github.com/sarchlab/m2sim/timing/pipeline/pipeline.go:2988.5,2988.35 1 1
github.com/sarchlab/m2sim/timing/pipeline/pipeline.go:2988.35,2990.6 1 1
github.com/sarchlab/m2sim/timing/pipeline/pipeline.go:2992.4,2992.70 1 1
github.com/sarchlab/m2sim/timing/pipeline/pipeline.go:2992.70,2993.36 1 1
github.com/sarchlab/m2sim/timing/pipeline/pipeline.go:2993.36,2995.6 1 0
github.com/sarchlab/m2sim/timing/pipeline/pipeline.go:2996.5,2996.36 1 1
github.com/sarchlab/m2sim/timing/pipeline/pipeline.go:2996.36,2998.6 1 0
github.com/sarchlab/m2sim/timing/pipeline/pipeline.go:3000.4,3000.70 1 1
github.com/sarchlab/m2sim/timing/pipeline/pipeline.go:3000.70,3001.36 1 1
github.com/sarchlab/m2sim/timing/pipeline/pipeline.go:3001.36,3003.6 1 0
github.com/sarchlab/m2sim/timing/pipeline/pipeline.go:3004.5,3004.36 1 1
github.com/sarchlab/m2sim/timing/pipeline/pipeline.go:3004.36,3006.6 1 0
github.com/sarchlab/m2sim/timing/pipeline/pipeline.go:3008.4,3008.70 1 1
github.com/sarchlab/m2sim/timing/pipeline/pipeline.go:3008.70,3009.36 1 1
github.com/sarchlab/m2sim/timing/pipeline/pipeline.go:3009.36,3011.6 1 0
github.com/sarchlab/m2sim/timing/pipeline/pipeline.go:3012.5,3012.36 1 1
github.com/sarchlab/m2sim/timing/pipeline/pipeline.go:3012.36,3014.6 1 0
github.com/sarchlab/m2sim/timing/pipeline/pipeline.go:3016.4,3016.70 1 1
github.com/sarchlab/m2sim/timing/pipeline/pipeline.go:3016.70,3017.36 1 1
github.com/sarchlab/m2sim/timing/pipeline/pipeline.go:3017.36,3019.6 1 0
github.com/sarchlab/m2sim/timing/pipeline/pipeline.go:3020.5,3020.36 1 1
github.com/sarchlab/m2sim/timing/pipeline/pipeline.go:3020.36,3022.6 1 0
github.com/sarchlab/m2sim/timing/pipeline/pipeline.go:3024.4,3042.5 3 1
github.com/sarchlab/m2sim/timing/pipeline/pipeline.go:3047.2,3048.71 2 1
github.com/sarchlab/m2sim/timing/pipeline/pipeline.go:3048.71,3050.56 2 0
github.com/sarchlab/m2sim/timing/pipeline/pipeline.go:3050.56,3055.23 4 0
github.com/sarchlab/m2sim/timing/pipeline/pipeline.go:3056.35,3058.27 2 0
github.com/sarchlab/m2sim/timing/pipeline/pipeline.go:3061.4,3062.54 1 0
github.com/sarchlab/m2sim/timing/pipeline/pipeline.go:3066.2,3079.93 9 1
github.com/sarchlab/m2sim/timing/pipeline/pipeline.go:3079.93,3083.45 2 1
github.com/sarchlab/m2sim/timing/pipeline/pipeline.go:3083.45,3085.32 2 0
github.com/sarchlab/m2sim/timing/pipeline/pipeline.go:3085.32,3111.33 2 0
github.com/sarchlab/m2sim/timing/pipeline/pipeline.go:3111.33,3112.53 1 0
github.com/sarchlab/m2sim/timing/pipeline/pipeline.go:3112.53,3114.36 2 0
github.com/sarchlab/m2sim/timing/pipeline/pipeline.go:3114.36,3116.9 1 0
github.com/sarchlab/m2sim/timing/pipeline/pipeline.go:3117.8,3117.18 1 0
github.com/sarchlab/m2sim/timing/pipeline/pipeline.go:3119.7,3119.15 1 0
github.com/sarchlab/m2sim/timing/pipeline/pipeline.go:3129.3,3129.21 1 1
github.com/sarchlab/m2sim/timing/pipeline/pipeline.go:3129.21,3148.4 1 1
github.com/sarchlab/m2sim/timing/pipeline/pipeline.go:3151.3,3157.46 3 1
github.com/sarchlab/m2sim/timing/pipeline/pipeline.go:3157.46,3174.45 3 1
github.com/sarchlab/m2sim/timing/pipeline/pipeline.go:3174.45,3177.5 2 1
github.com/sarchlab/m2sim/timing/pipeline/pipeline.go:3181.3,3181.39 1 1
github.com/sarchlab/m2sim/timing/pipeline/pipeline.go:3181.39,3198.45 3 1
github.com/sarchlab/m2sim/timing/pipeline/pipeline.go:3198.45,3201.5 2 1
github.com/sarchlab/m2sim/timing/pipeline/pipeline.go:3205.3,3205.39 1 1
github.com/sarchlab/m2sim/timing/pipeline/pipeline.go:3205.39,3222.45 3 1
github.com/sarchlab/m2sim/timing/pipeline/pipeline.go:3222.45,3225.5 2 1
github.com/sarchlab/m2sim/timing/pipeline/pipeline.go:3229.3,3229.39 1 1
github.com/sarchlab/m2sim/timing/pipeline/pipeline.go:3229.39,3246.45 3 1
github.com/sarchlab/m2sim/timing/pipeline/pipeline.go:3246.45,3249.5 2 1
github.com/sarchlab/m2sim/timing/pipeline/pipeline.go:3253.3,3253.39 1 1
github.com/sarchlab/m2sim/timing/pipeline/pipeline.go:3253.39,3270.45 3 1
github.com/sarchlab/m2sim/timing/pipeline/pipeline.go:3270.45,3272.5 1 1
github.com/sarchlab/m2sim/timing/pipeline/pipeline.go:3274.8,3274.83 1 1
github.com/sarchlab/m2sim/timing/pipeline/pipeline.go:3274.83,3281.3 6 0
github.com/sarchlab/m2sim/timing/pipeline/pipeline.go:3284.2,3285.20 2 1
github.com/sarchlab/m2sim/timing/pipeline/pipeline.go:3285.20,3287.3 1 1
github.com/sarchlab/m2sim/timing/pipeline/pipeline.go:3288.2,3288.21 1 1
github.com/sarchlab/m2sim/timing/pipeline/pipeline.go:3288.21,3290.3 1 1
github.com/sarchlab/m2sim/timing/pipeline/pipeline.go:3291.2,3291.21 1 1
github.com/sarchlab/m2sim/timing/pipeline/pipeline.go:3291.21,3293.3 1 1
github.com/sarchlab/m2sim/timing/pipeline/pipeline.go:3294.2,3294.21 1 1
github.com/sarchlab/m2sim/timing/pipeline/pipeline.go:3294.21,3296.3 1 1
github.com/sarchlab/m2sim/timing/pipeline/pipeline.go:3297.2,3297.21 1 1
github.com/sarchlab/m2sim/timing/pipeline/pipeline.go:3297.21,3299.3 1 1
github.com/sarchlab/m2sim/timing/pipeline/pipeline.go:3300.2,3300.21 1 1
github.com/sarchlab/m2sim/timing/pipeline/pipeline.go:3300.21,3302.3 1 1
github.com/sarchlab/m2sim/timing/pipeline/pipeline.go:3305.2,3305.19 1 1
github.com/sarchlab/m2sim/timing/pipeline/pipeline.go:3305.19,3307.3 1 0
github.com/sarchlab/m2sim/timing/pipeline/pipeline.go:3310.2,3318.77 8 1
github.com/sarchlab/m2sim/timing/pipeline/pipeline.go:3318.77,3328.40 5 1
github.com/sarchlab/m2sim/timing/pipeline/pipeline.go:3328.40,3329.28 1 1
github.com/sarchlab/m2sim/timing/pipeline/pipeline.go:3329.28,3330.10 1 0
github.com/sarchlab/m2sim/timing/pipeline/pipeline.go:3332.4,3332.19 1 1
github.com/sarchlab/m2sim/timing/pipeline/pipeline.go:3333.11,3337.23 4 1
github.com/sarchlab/m2sim/timing/pipeline/pipeline.go:3337.23,3342.6 4 0
github.com/sarchlab/m2sim/timing/pipeline/pipeline.go:3343.5,3351.39 2 1
github.com/sarchlab/m2sim/timing/pipeline/pipeline.go:3351.39,3354.6 2 0
github.com/sarchlab/m2sim/timing/pipeline/pipeline.go:3355.11,3356.98 1 1
github.com/sarchlab/m2sim/timing/pipeline/pipeline.go:3357.11,3358.97 1 0
github.com/sarchlab/m2sim/timing/pipeline/pipeline.go:3359.11,3360.99 1 0
github.com/sarchlab/m2sim/timing/pipeline/pipeline.go:3361.11,3362.96 1 0
github.com/sarchlab/m2sim/timing/pipeline/pipeline.go:3363.11,3364.95 1 0
github.com/sarchlab/m2sim/timing/pipeline/pipeline.go:3366.4,3366.13 1 1
github.com/sarchlab/m2sim/timing/pipeline/pipeline.go:3370.3,3370.19 1 1
github.com/sarchlab/m2sim/timing/pipeline/pipeline.go:3370.19,3374.48 3 1
github.com/sarchlab/m2sim/timing/pipeline/pipeline.go:3374.48,3376.19 2 0
github.com/sarchlab/m2sim/timing/pipeline/pipeline.go:3376.19,3378.11 2 0
github.com/sarchlab/m2sim/timing/pipeline/pipeline.go:3380.10,3382.5 1 1
github.com/sarchlab/m2sim/timing/pipeline/pipeline.go:3384.4,3384.11 1 1
github.com/sarchlab/m2sim/timing/pipeline/pipeline.go:3384.11,3385.10 1 0
github.com/sarchlab/m2sim/timing/pipeline/pipeline.go:3390.4,3390.32 1 1
github.com/sarchlab/m2sim/timing/pipeline/pipeline.go:3390.32,3396.13 4 0
github.com/sarchlab/m2sim/timing/pipeline/pipeline.go:3399.4,3399.20 1 1
github.com/sarchlab/m2sim/timing/pipeline/pipeline.go:3399.20,3403.23 4 1
github.com/sarchlab/m2sim/timing/pipeline/pipeline.go:3403.23,3408.6 4 0
github.com/sarchlab/m2sim/timing/pipeline/pipeline.go:3409.5,3417.39 2 1
github.com/sarchlab/m2sim/timing/pipeline/pipeline.go:3417.39,3420.14 3 0
github.com/sarchlab/m2sim/timing/pipeline/pipeline.go:3422.10,3423.20 1 1
github.com/sarchlab/m2sim/timing/pipeline/pipeline.go:3424.12,3425.88 1 1
github.com/sarchlab/m2sim/timing/pipeline/pipeline.go:3426.12,3427.87 1 1
github.com/sarchlab/m2sim/timing/pipeline/pipeline.go:3428.12,3429.89 1 1
github.com/sarchlab/m2sim/timing/pipeline/pipeline.go:3430.12,3431.86 1 1
github.com/sarchlab/m2sim/timing/pipeline/pipeline.go:3432.12,3433.85 1 1
github.com/sarchlab/m2sim/timing/pipeline/pipeline.go:3436.4,3437.13 2 1
github.com/sarchlab/m2sim/timing/pipeline/pipeline.go:3439.3,3441.17 2 1
github.com/sarchlab/m2sim/timing/pipeline/pipeline.go:3441.17,3460.4 18 0
github.com/sarchlab/m2sim/timing/pipeline/pipeline.go:3461.8,3461.83 1 0
github.com/sarchlab/m2sim/timing/pipeline/pipeline.go:3461.83,3469.3 7 0
github.com/sarchlab/m2sim/timing/pipeline/pipeline.go:3472.2,3472.30 1 1
github.com/sarchlab/m2sim/timing/pipeline/pipeline.go:3472.30,3479.3 6 1
github.com/sarchlab/m2sim/timing/pipeline/pipeline.go:3479.8,3486.3 6 0
github.com/sarchlab/m2sim/timing/pipeline/pipeline.go:3487.2,3487.29 1 1
github.com/sarchlab/m2sim/timing/pipeline/pipeline.go:3487.29,3494.3 6 1
github.com/sarchlab/m2sim/timing/pipeline/pipeline.go:3495.2,3495.59 1 1
github.com/sarchlab/m2sim/timing/pipeline/pipeline.go:3495.59,3502.3 6 0
github.com/sarchlab/m2sim/timing/pipeline/pipeline.go:3502.8,3502.22 1 1
github.com/sarchlab/m2sim/timing/pipeline/pipeline.go:3502.22,3509.3 6 1
github.com/sarchlab/m2sim/timing/pipeline/pipeline.go:3510.2,3515.21 6 1
github.com/sarchlab/m2sim/timing/pipeline/pipeline.go:3519.88,3523.18 3 1
github.com/sarchlab/m2sim/timing/pipeline/pipeline.go:3523.18,3525.3 1 1
github.com/sarchlab/m2sim/timing/pipeline/pipeline.go:3526.2,3526.19 1 1
github.com/sarchlab/m2sim/timing/pipeline/pipeline.go:3526.19,3528.3 1 1
github.com/sarchlab/m2sim/timing/pipeline/pipeline.go:3529.2,3529.19 1 1
github.com/sarchlab/m2sim/timing/pipeline/pipeline.go:3529.19,3531.3 1 1
github.com/sarchlab/m2sim/timing/pipeline/pipeline.go:3532.2,3532.19 1 1
github.com/sarchlab/m2sim/timing/pipeline/pipeline.go:3532.19,3534.3 1 1
github.com/sarchlab/m2sim/timing/pipeline/pipeline.go:3535.2,3535.19 1 1
github.com/sarchlab/m2sim/timing/pipeline/pipeline.go:3535.19,3537.3 1 1
github.com/sarchlab/m2sim/timing/pipeline/pipeline.go:3538.2,3538.19 1 1
github.com/sarchlab/m2sim/timing/pipeline/pipeline.go:3538.19,3540.3 1 1
github.com/sarchlab/m2sim/timing/pipeline/pipeline.go:3542.2,3542.34 1 1
github.com/sarchlab/m2sim/timing/pipeline/pipeline.go:3542.34,3544.3 1 1
github.com/sarchlab/m2sim/timing/pipeline/pipeline.go:3546.2,3546.16 1 1
github.com/sarchlab/m2sim/timing/pipeline/pipeline.go:3550.28,3596.30 46 1
github.com/sarchlab/m2sim/timing/pipeline/pipeline.go:3596.30,3598.3 1 1
github.com/sarchlab/m2sim/timing/pipeline/pipeline.go:3602.50,3604.2 1 1
github.com/sarchlab/m2sim/timing/pipeline/pipeline.go:3607.58,3609.2 1 1
github.com/sarchlab/m2sim/timing/pipeline/pipeline.go:3612.51,3613.31 1 1
github.com/sarchlab/m2sim/timing/pipeline/pipeline.go:3613.31,3615.3 1 1
github.com/sarchlab/m2sim/timing/pipeline/pipeline.go:3616.2,3616.27 1 1
github.com/sarchlab/m2sim/timing/pipeline/pipeline.go:3620.51,3621.32 1 1
github.com/sarchlab/m2sim/timing/pipeline/pipeline.go:3621.32,3623.3 1 1
github.com/sarchlab/m2sim/timing/pipeline/pipeline.go:3624.2,3624.27 1 1
github.com/sarchlab/m2sim/timing/pipeline/pipeline.go:3628.37,3630.2 1 1
github.com/sarchlab/m2sim/timing/pipeline/pipeline.go:3633.37,3635.2 1 1
github.com/sarchlab/m2sim/timing/pipeline/pipeline.go:3638.64,3639.30 1 1
github.com/sarchlab/m2sim/timing/pipeline/pipeline.go:3639.30,3641.3 1 1
github.com/sarchlab/m2sim/timing/pipeline/pipeline.go:3642.2,3642.31 1 0
github.com/sarchlab/m2sim/timing/pipeline/pipeline.go:3647.39,3650.46 2 1
github.com/sarchlab/m2sim/timing/pipeline/pipeline.go:3650.46,3653.22 2 1
github.com/sarchlab/m2sim/timing/pipeline/pipeline.go:3653.22,3655.4 1 1
github.com/sarchlab/m2sim/timing/pipeline/pipeline.go:3659.2,3659.47 1 1
github.com/sarchlab/m2sim/timing/pipeline/pipeline.go:3659.47,3661.3 1 1
github.com/sarchlab/m2sim/timing/pipeline/pipeline.go:3664.2,3664.47 1 1
github.com/sarchlab/m2sim/timing/pipeline/pipeline.go:3664.47,3666.3 1 1
github.com/sarchlab/m2sim/timing/pipeline/pipeline.go:3669.2,3669.47 1 1
github.com/sarchlab/m2sim/timing/pipeline/pipeline.go:3669.47,3671.3 1 1
github.com/sarchlab/m2sim/timing/pipeline/pipeline.go:3674.2,3674.47 1 1
github.com/sarchlab/m2sim/timing/pipeline/pipeline.go:3674.47,3676.3 1 1
github.com/sarchlab/m2sim/timing/pipeline/pipeline.go:3679.2,3679.47 1 1
github.com/sarchlab/m2sim/timing/pipeline/pipeline.go:3679.47,3681.3 1 1
github.com/sarchlab/m2sim/timing/pipeline/pipeline.go:3684.2,3684.47 1 1
github.com/sarchlab/m2sim/timing/pipeline/pipeline.go:3684.47,3686.3 1 1
github.com/sarchlab/m2sim/timing/pipeline/pipeline.go:3689.2,3689.47 1 1
github.com/sarchlab/m2sim/timing/pipeline/pipeline.go:3689.47,3691.3 1 1
github.com/sarchlab/m2sim/timing/pipeline/pipeline.go:3694.2,3704.19 10 1
github.com/sarchlab/m2sim/timing/pipeline/pipeline.go:3704.19,3705.60 1 1
github.com/sarchlab/m2sim/timing/pipeline/pipeline.go:3705.60,3706.31 1 1
github.com/sarchlab/m2sim/timing/pipeline/pipeline.go:3706.31,3708.22 2 1
github.com/sarchlab/m2sim/timing/pipeline/pipeline.go:3708.22,3711.6 2 1
github.com/sarchlab/m2sim/timing/pipeline/pipeline.go:3715.3,3716.48 2 1
github.com/sarchlab/m2sim/timing/pipeline/pipeline.go:3716.48,3718.16 2 0
github.com/sarchlab/m2sim/timing/pipeline/pipeline.go:3718.16,3720.5 1 0
github.com/sarchlab/m2sim/timing/pipeline/pipeline.go:3721.9,3722.43 1 1
github.com/sarchlab/m2sim/timing/pipeline/pipeline.go:3722.43,3723.53 1 1
github.com/sarchlab/m2sim/timing/pipeline/pipeline.go:3723.53,3725.6 1 0
github.com/sarchlab/m2sim/timing/pipeline/pipeline.go:3726.5,3726.22 1 1
github.com/sarchlab/m2sim/timing/pipeline/pipeline.go:3726.22,3731.6 4 1
github.com/sarchlab/m2sim/timing/pipeline/pipeline.go:3731.11,3734.6 2 1
github.com/sarchlab/m2sim/timing/pipeline/pipeline.go:3735.10,3737.5 1 1
github.com/sarchlab/m2sim/timing/pipeline/pipeline.go:3740.3,3740.16 1 1
github.com/sarchlab/m2sim/timing/pipeline/pipeline.go:3740.16,3752.4 1 1
github.com/sarchlab/m2sim/timing/pipeline/pipeline.go:3756.2,3756.33 1 1
github.com/sarchlab/m2sim/timing/pipeline/pipeline.go:3756.33,3767.3 1 1
github.com/sarchlab/m2sim/timing/pipeline/pipeline.go:3770.2,3770.33 1 1
github.com/sarchlab/m2sim/timing/pipeline/pipeline.go:3770.33,3781.3 1 1
github.com/sarchlab/m2sim/timing/pipeline/pipeline.go:3784.2,3784.33 1 1
github.com/sarchlab/m2sim/timing/pipeline/pipeline.go:3784.33,3795.3 1 1
github.com/sarchlab/m2sim/timing/pipeline/pipeline.go:3798.2,3798.33 1 1
github.com/sarchlab/m2sim/timing/pipeline/pipeline.go:3798.33,3809.3 1 1
github.com/sarchlab/m2sim/timing/pipeline/pipeline.go:3812.2,3812.33 1 1
github.com/sarchlab/m2sim/timing/pipeline/pipeline.go:3812.33,3823.3 1 1
github.com/sarchlab/m2sim/timing/pipeline/pipeline.go:3826.2,3826.33 1 1
github.com/sarchlab/m2sim/timing/pipeline/pipeline.go:3826.33,3837.3 1 1
github.com/sarchlab/m2sim/timing/pipeline/pipeline.go:3840.2,3840.33 1 1
github.com/sarchlab/m2sim/timing/pipeline/pipeline.go:3840.33,3851.3 1 1
github.com/sarchlab/m2sim/timing/pipeline/pipeline.go:3854.2,3868.31 11 1
github.com/sarchlab/m2sim/timing/pipeline/pipeline.go:3868.31,3869.48 1 1
github.com/sarchlab/m2sim/timing/pipeline/pipeline.go:3869.48,3870.59 1 0
github.com/sarchlab/m2sim/timing/pipeline/pipeline.go:3870.59,3872.5 1 0
github.com/sarchlab/m2sim/timing/pipeline/pipeline.go:3872.10,3874.5 1 0
github.com/sarchlab/m2sim/timing/pipeline/pipeline.go:3877.3,3877.22 1 1
github.com/sarchlab/m2sim/timing/pipeline/pipeline.go:3877.22,3879.4 1 0
github.com/sarchlab/m2sim/timing/pipeline/pipeline.go:3881.3,3881.22 1 1
github.com/sarchlab/m2sim/timing/pipeline/pipeline.go:3881.22,3884.4 2 0
github.com/sarchlab/m2sim/timing/pipeline/pipeline.go:3884.9,3898.80 7 1
github.com/sarchlab/m2sim/timing/pipeline/pipeline.go:3898.80,3899.43 1 0
github.com/sarchlab/m2sim/timing/pipeline/pipeline.go:3899.43,3905.6 5 0
github.com/sarchlab/m2sim/timing/pipeline/pipeline.go:3905.11,3905.52 1 0
[...]
github.com/sarchlab/m2sim/timing/pipeline/stages.go:395.2,395.50 1 1
github.com/sarchlab/m2sim/timing/pipeline/stages.go:400.108,401.18 1 1
github.com/sarchlab/m2sim/timing/pipeline/stages.go:401.18,411.3 7 1
github.com/sarchlab/m2sim/timing/pipeline/stages.go:411.8,423.3 10 1
github.com/sarchlab/m2sim/timing/pipeline/stages.go:424.2,424.8 1 1
github.com/sarchlab/m2sim/timing/pipeline/stages.go:429.108,430.18 1 1
github.com/sarchlab/m2sim/timing/pipeline/stages.go:430.18,440.3 7 1
github.com/sarchlab/m2sim/timing/pipeline/stages.go:440.8,452.3 10 1
github.com/sarchlab/m2sim/timing/pipeline/stages.go:453.2,453.8 1 1
github.com/sarchlab/m2sim/timing/pipeline/stages.go:462.54,464.2 1 1
github.com/sarchlab/m2sim/timing/pipeline/stages.go:472.65,475.18 2 1
github.com/sarchlab/m2sim/timing/pipeline/stages.go:475.18,477.3 1 1
github.com/sarchlab/m2sim/timing/pipeline/stages.go:479.2,481.19 2 1
github.com/sarchlab/m2sim/timing/pipeline/stages.go:481.19,483.46 1 1
github.com/sarchlab/m2sim/timing/pipeline/stages.go:483.46,485.4 1 1
github.com/sarchlab/m2sim/timing/pipeline/stages.go:485.9,487.4 1 1
github.com/sarchlab/m2sim/timing/pipeline/stages.go:490.2,490.20 1 1
github.com/sarchlab/m2sim/timing/pipeline/stages.go:490.20,492.46 1 1
github.com/sarchlab/m2sim/timing/pipeline/stages.go:492.46,494.4 1 1
github.com/sarchlab/m2sim/timing/pipeline/stages.go:494.9,496.4 1 1
github.com/sarchlab/m2sim/timing/pipeline/stages.go:499.2,499.15 1 1
github.com/sarchlab/m2sim/timing/pipeline/stages.go:515.64,518.21 2 1
github.com/sarchlab/m2sim/timing/pipeline/stages.go:518.21,520.3 1 1
github.com/sarchlab/m2sim/timing/pipeline/stages.go:522.2,525.23 3 1
github.com/sarchlab/m2sim/timing/pipeline/stages.go:525.23,527.34 1 1
github.com/sarchlab/m2sim/timing/pipeline/stages.go:527.34,529.4 1 1
github.com/sarchlab/m2sim/timing/pipeline/stages.go:529.9,531.4 1 1
github.com/sarchlab/m2sim/timing/pipeline/stages.go:534.2,534.24 1 1
github.com/sarchlab/m2sim/timing/pipeline/stages.go:534.24,536.34 1 1
github.com/sarchlab/m2sim/timing/pipeline/stages.go:536.34,538.4 1 1
github.com/sarchlab/m2sim/timing/pipeline/stages.go:538.9,540.4 1 1
github.com/sarchlab/m2sim/timing/pipeline/stages.go:543.2,543.15 1 1
github.com/sarchlab/m2sim/timing/pipeline/stages.go:552.62,554.2 1 1
github.com/sarchlab/m2sim/timing/pipeline/stages.go:557.58,558.37 1 1
github.com/sarchlab/m2sim/timing/pipeline/stages.go:558.37,560.3 1 1
github.com/sarchlab/m2sim/timing/pipeline/stages.go:563.2,563.20 1 1
github.com/sarchlab/m2sim/timing/pipeline/stages.go:563.20,565.3 1 1
github.com/sarchlab/m2sim/timing/pipeline/stages.go:567.2,568.20 2 1
github.com/sarchlab/m2sim/timing/pipeline/stages.go:568.20,570.3 1 1
github.com/sarchlab/m2sim/timing/pipeline/stages.go:570.8,572.3 1 1
github.com/sarchlab/m2sim/timing/pipeline/stages.go:574.2,574.37 1 1
github.com/sarchlab/m2sim/timing/pipeline/stages.go:591.65,592.44 1 1
github.com/sarchlab/m2sim/timing/pipeline/stages.go:592.44,594.3 1 1
github.com/sarchlab/m2sim/timing/pipeline/stages.go:597.2,597.24 1 1
github.com/sarchlab/m2sim/timing/pipeline/stages.go:597.24,599.3 1 1
github.com/sarchlab/m2sim/timing/pipeline/stages.go:601.2,602.24 2 1
github.com/sarchlab/m2sim/timing/pipeline/stages.go:602.24,604.3 1 1
github.com/sarchlab/m2sim/timing/pipeline/stages.go:604.8,606.3 1 1
github.com/sarchlab/m2sim/timing/pipeline/stages.go:608.2,609.13 2 1
github.com/sarchlab/m2sim/timing/pipeline/stages.go:614.42,615.17 1 1
github.com/sarchlab/m2sim/timing/pipeline/stages.go:615.17,617.3 1 1
github.com/sarchlab/m2sim/timing/pipeline/stages.go:618.2,618.65 1 1
github.com/sarchlab/m2sim/timing/pipeline/stages.go:622.44,623.17 1 1
github.com/sarchlab/m2sim/timing/pipeline/stages.go:623.17,625.3 1 1
github.com/sarchlab/m2sim/timing/pipeline/stages.go:626.2,626.33 1 1
github.com/sarchlab/m2sim/timing/pipeline/stages.go:631.71,632.13 1 1
github.com/sarchlab/m2sim/timing/pipeline/stages.go:632.13,642.3 8 1
github.com/sarchlab/m2sim/timing/pipeline/stages.go:642.8,653.3 10 1
github.com/sarchlab/m2sim/timing/pipeline/stages.go:654.2,654.8 1 1
github.com/sarchlab/m2sim/timing/pipeline/stages.go:658.72,659.14 1 1
github.com/sarchlab/m2sim/timing/pipeline/stages.go:660.20,661.11 1 1
github.com/sarchlab/m2sim/timing/pipeline/stages.go:662.20,663.12 1 1
github.com/sarchlab/m2sim/timing/pipeline/stages.go:664.20,665.11 1 1
github.com/sarchlab/m2sim/timing/pipeline/stages.go:666.20,667.12 1 1
github.com/sarchlab/m2sim/timing/pipeline/stages.go:668.20,669.11 1 1
github.com/sarchlab/m2sim/timing/pipeline/stages.go:670.20,671.12 1 1
github.com/sarchlab/m2sim/timing/pipeline/stages.go:672.20,673.11 1 1
github.com/sarchlab/m2sim/timing/pipeline/stages.go:674.20,675.12 1 1
github.com/sarchlab/m2sim/timing/pipeline/stages.go:676.20,677.17 1 1
github.com/sarchlab/m2sim/timing/pipeline/stages.go:678.20,679.17 1 1
github.com/sarchlab/m2sim/timing/pipeline/stages.go:680.20,681.16 1 1
github.com/sarchlab/m2sim/timing/pipeline/stages.go:682.20,683.16 1 1
github.com/sarchlab/m2sim/timing/pipeline/stages.go:684.20,685.24 1 1
github.com/sarchlab/m2sim/timing/pipeline/stages.go:686.20,687.23 1 1
github.com/sarchlab/m2sim/timing/pipeline/stages.go:688.34,689.14 1 1
github.com/sarchlab/m2sim/timing/pipeline/stages.go:690.10,691.15 1 0
github.com/sarchlab/m2sim/timing/pipeline/superscalar.go:14.51,18.2 1 1
github.com/sarchlab/m2sim/timing/pipeline/superscalar.go:21.42,25.2 1 1
github.com/sarchlab/m2sim/timing/pipeline/superscalar.go:28.42,32.2 1 1
github.com/sarchlab/m2sim/timing/pipeline/superscalar.go:36.46,40.2 1 1
github.com/sarchlab/m2sim/timing/pipeline/superscalar.go:44.45,48.2 1 1
github.com/sarchlab/m2sim/timing/pipeline/superscalar.go:51.63,52.27 1 1
github.com/sarchlab/m2sim/timing/pipeline/superscalar.go:52.27,54.3 1 1
github.com/sarchlab/m2sim/timing/pipeline/superscalar.go:58.37,59.27 1 1
github.com/sarchlab/m2sim/timing/pipeline/superscalar.go:59.27,61.3 1 1
github.com/sarchlab/m2sim/timing/pipeline/superscalar.go:65.37,66.27 1 1
github.com/sarchlab/m2sim/timing/pipeline/superscalar.go:66.27,68.3 1 1
github.com/sarchlab/m2sim/timing/pipeline/superscalar.go:73.41,74.27 1 1
github.com/sarchlab/m2sim/timing/pipeline/superscalar.go:74.27,76.3 1 1
github.com/sarchlab/m2sim/timing/pipeline/superscalar.go:81.40,82.27 1 1
github.com/sarchlab/m2sim/timing/pipeline/superscalar.go:82.27,84.3 1 1
github.com/sarchlab/m2sim/timing/pipeline/superscalar.go:89.53,90.68 1 1
github.com/sarchlab/m2sim/timing/pipeline/superscalar.go:90.68,92.3 1 0
github.com/sarchlab/m2sim/timing/pipeline/superscalar.go:95.2,95.39 1 1
github.com/sarchlab/m2sim/timing/pipeline/superscalar.go:95.39,97.3 1 0
github.com/sarchlab/m2sim/timing/pipeline/superscalar.go:100.2,100.55 1 1
github.com/sarchlab/m2sim/timing/pipeline/superscalar.go:100.55,102.3 1 1
github.com/sarchlab/m2sim/timing/pipeline/superscalar.go:103.2,103.57 1 1
github.com/sarchlab/m2sim/timing/pipeline/superscalar.go:103.57,105.3 1 1
github.com/sarchlab/m2sim/timing/pipeline/superscalar.go:108.2,108.78 1 1
github.com/sarchlab/m2sim/timing/pipeline/superscalar.go:108.78,110.3 1 1
github.com/sarchlab/m2sim/timing/pipeline/superscalar.go:113.2,113.38 1 1
github.com/sarchlab/m2sim/timing/pipeline/superscalar.go:113.38,115.46 1 1
github.com/sarchlab/m2sim/timing/pipeline/superscalar.go:115.46,117.4 1 1
github.com/sarchlab/m2sim/timing/pipeline/superscalar.go:121.3,121.68 1 1
github.com/sarchlab/m2sim/timing/pipeline/superscalar.go:121.68,122.47 1 0
github.com/sarchlab/m2sim/timing/pipeline/superscalar.go:122.47,124.5 1 0
github.com/sarchlab/m2sim/timing/pipeline/superscalar.go:127.3,127.74 1 1
github.com/sarchlab/m2sim/timing/pipeline/superscalar.go:127.74,129.4 1 0
github.com/sarchlab/m2sim/timing/pipeline/superscalar.go:133.2,133.82 1 1
github.com/sarchlab/m2sim/timing/pipeline/superscalar.go:133.82,135.3 1 1
github.com/sarchlab/m2sim/timing/pipeline/superscalar.go:137.2,137.13 1 1
github.com/sarchlab/m2sim/timing/pipeline/superscalar.go:204.41,211.2 6 1
github.com/sarchlab/m2sim/timing/pipeline/superscalar.go:214.41,231.2 16 1
github.com/sarchlab/m2sim/timing/pipeline/superscalar.go:234.42,250.2 15 1
github.com/sarchlab/m2sim/timing/pipeline/superscalar.go:255.49,255.67 1 1
github.com/sarchlab/m2sim/timing/pipeline/superscalar.go:258.52,258.72 1 1
github.com/sarchlab/m2sim/timing/pipeline/superscalar.go:261.53,261.74 1 1
github.com/sarchlab/m2sim/timing/pipeline/superscalar.go:264.63,264.80 1 0
github.com/sarchlab/m2sim/timing/pipeline/superscalar.go:267.56,267.78 1 1
github.com/sarchlab/m2sim/timing/pipeline/superscalar.go:270.57,270.80 1 1
github.com/sarchlab/m2sim/timing/pipeline/superscalar.go:273.42,282.2 8 1
github.com/sarchlab/m2sim/timing/pipeline/superscalar.go:285.55,304.2 1 1
github.com/sarchlab/m2sim/timing/pipeline/superscalar.go:307.62,324.2 16 1
github.com/sarchlab/m2sim/timing/pipeline/superscalar.go:387.40,391.2 3 1
github.com/sarchlab/m2sim/timing/pipeline/superscalar.go:394.40,411.2 16 1
github.com/sarchlab/m2sim/timing/pipeline/superscalar.go:414.41,430.2 15 1
github.com/sarchlab/m2sim/timing/pipeline/superscalar.go:435.48,435.66 1 1
github.com/sarchlab/m2sim/timing/pipeline/superscalar.go:438.51,438.71 1 1
github.com/sarchlab/m2sim/timing/pipeline/superscalar.go:441.52,441.73 1 1
github.com/sarchlab/m2sim/timing/pipeline/superscalar.go:444.62,444.79 1 0
github.com/sarchlab/m2sim/timing/pipeline/superscalar.go:447.55,447.77 1 1
github.com/sarchlab/m2sim/timing/pipeline/superscalar.go:450.56,450.79 1 1
github.com/sarchlab/m2sim/timing/pipeline/superscalar.go:453.41,462.2 8 1
github.com/sarchlab/m2sim/timing/pipeline/superscalar.go:467.54,486.2 1 1
github.com/sarchlab/m2sim/timing/pipeline/superscalar.go:489.61,506.2 16 1
github.com/sarchlab/m2sim/timing/pipeline/superscalar.go:569.42,573.2 3 1
github.com/sarchlab/m2sim/timing/pipeline/superscalar.go:576.42,593.2 16 1
github.com/sarchlab/m2sim/timing/pipeline/superscalar.go:596.43,612.2 15 1
github.com/sarchlab/m2sim/timing/pipeline/superscalar.go:617.50,617.68 1 1
github.com/sarchlab/m2sim/timing/pipeline/superscalar.go:620.53,620.73 1 1
github.com/sarchlab/m2sim/timing/pipeline/superscalar.go:623.54,623.75 1 1
github.com/sarchlab/m2sim/timing/pipeline/superscalar.go:626.64,626.81 1 0
github.com/sarchlab/m2sim/timing/pipeline/superscalar.go:629.57,629.79 1 1
github.com/sarchlab/m2sim/timing/pipeline/superscalar.go:632.58,632.81 1 1
github.com/sarchlab/m2sim/timing/pipeline/superscalar.go:635.43,644.2 8 1
github.com/sarchlab/m2sim/timing/pipeline/superscalar.go:649.56,668.2 1 1
github.com/sarchlab/m2sim/timing/pipeline/superscalar.go:671.63,688.2 16 1
github.com/sarchlab/m2sim/timing/pipeline/superscalar.go:751.39,755.2 3 1
github.com/sarchlab/m2sim/timing/pipeline/superscalar.go:758.39,775.2 16 1
github.com/sarchlab/m2sim/timing/pipeline/superscalar.go:778.40,794.2 15 1
github.com/sarchlab/m2sim/timing/pipeline/superscalar.go:799.47,799.65 1 1
github.com/sarchlab/m2sim/timing/pipeline/superscalar.go:802.50,802.70 1 1
github.com/sarchlab/m2sim/timing/pipeline/superscalar.go:805.51,805.72 1 1
github.com/sarchlab/m2sim/timing/pipeline/superscalar.go:808.61,808.78 1 0
github.com/sarchlab/m2sim/timing/pipeline/superscalar.go:811.54,811.76 1 1
github.com/sarchlab/m2sim/timing/pipeline/superscalar.go:814.55,814.78 1 1
github.com/sarchlab/m2sim/timing/pipeline/superscalar.go:817.40,826.2 8 1
github.com/sarchlab/m2sim/timing/pipeline/superscalar.go:829.53,848.2 1 1
github.com/sarchlab/m2sim/timing/pipeline/superscalar.go:851.60,868.2 16 1
github.com/sarchlab/m2sim/timing/pipeline/superscalar.go:931.38,935.2 3 1
github.com/sarchlab/m2sim/timing/pipeline/superscalar.go:938.38,955.2 16 1
github.com/sarchlab/m2sim/timing/pipeline/superscalar.go:958.39,974.2 15 1
github.com/sarchlab/m2sim/timing/pipeline/superscalar.go:979.46,979.64 1 1
github.com/sarchlab/m2sim/timing/pipeline/superscalar.go:982.49,982.69 1 1
github.com/sarchlab/m2sim/timing/pipeline/superscalar.go:985.50,985.71 1 1
github.com/sarchlab/m2sim/timing/pipeline/superscalar.go:988.60,988.77 1 0
github.com/sarchlab/m2sim/timing/pipeline/superscalar.go:991.53,991.75 1 1
github.com/sarchlab/m2sim/timing/pipeline/superscalar.go:994.54,994.77 1 1
github.com/sarchlab/m2sim/timing/pipeline/superscalar.go:997.39,1006.2 8 1
github.com/sarchlab/m2sim/timing/pipeline/superscalar.go:1009.52,1028.2 1 1
github.com/sarchlab/m2sim/timing/pipeline/superscalar.go:1031.59,1048.2 16 1
github.com/sarchlab/m2sim/timing/pipeline/superscalar.go:1052.72,1053.38 1 1
github.com/sarchlab/m2sim/timing/pipeline/superscalar.go:1053.38,1055.3 1 0
github.com/sarchlab/m2sim/timing/pipeline/superscalar.go:1058.2,1058.22 1 1
github.com/sarchlab/m2sim/timing/pipeline/superscalar.go:1058.22,1060.3 1 0
github.com/sarchlab/m2sim/timing/pipeline/superscalar.go:1063.2,1063.59 1 1
github.com/sarchlab/m2sim/timing/pipeline/superscalar.go:1063.59,1065.3 1 1
github.com/sarchlab/m2sim/timing/pipeline/superscalar.go:1068.2,1070.20 3 1
github.com/sarchlab/m2sim/timing/pipeline/superscalar.go:1070.20,1072.3 1 1
github.com/sarchlab/m2sim/timing/pipeline/superscalar.go:1074.2,1074.31 1 1
github.com/sarchlab/m2sim/timing/pipeline/superscalar.go:1074.31,1075.33 1 1
github.com/sarchlab/m2sim/timing/pipeline/superscalar.go:1075.33,1076.12 1 0
github.com/sarchlab/m2sim/timing/pipeline/superscalar.go:1079.3,1079.36 1 1
github.com/sarchlab/m2sim/timing/pipeline/superscalar.go:1079.36,1081.4 1 1
github.com/sarchlab/m2sim/timing/pipeline/superscalar.go:1084.3,1084.37 1 1
github.com/sarchlab/m2sim/timing/pipeline/superscalar.go:1084.37,1085.29 1 1
github.com/sarchlab/m2sim/timing/pipeline/superscalar.go:1085.29,1087.5 1 1
github.com/sarchlab/m2sim/timing/pipeline/superscalar.go:1089.4,1089.71 1 1
github.com/sarchlab/m2sim/timing/pipeline/superscalar.go:1089.71,1090.30 1 0
github.com/sarchlab/m2sim/timing/pipeline/superscalar.go:1090.30,1092.6 1 0
github.com/sarchlab/m2sim/timing/pipeline/superscalar.go:1095.4,1095.77 1 1
github.com/sarchlab/m2sim/timing/pipeline/superscalar.go:1095.77,1097.5 1 0
github.com/sarchlab/m2sim/timing/pipeline/superscalar.go:1101.3,1101.82 1 1
github.com/sarchlab/m2sim/timing/pipeline/superscalar.go:1101.82,1103.4 1 0
github.com/sarchlab/m2sim/timing/pipeline/superscalar.go:1107.2,1107.20 1 1
github.com/sarchlab/m2sim/timing/pipeline/superscalar.go:1107.20,1109.3 1 1
github.com/sarchlab/m2sim/timing/pipeline/superscalar.go:1111.2,1111.13 1 1
github.com/sarchlab/m2sim/timing/pipeline/superscalar.go:1117.49,1117.67 1 1
github.com/sarchlab/m2sim/timing/pipeline/superscalar.go:1120.53,1120.74 1 1
github.com/sarchlab/m2sim/timing/pipeline/superscalar.go:1123.48,1123.63 1 1
github.com/sarchlab/m2sim/timing/pipeline/superscalar.go:1126.53,1126.74 1 1
github.com/sarchlab/m2sim/timing/pipeline/superscalar.go:1129.56,1129.78 1 1
github.com/sarchlab/m2sim/timing/pipeline/superscalar.go:1132.54,1132.74 1 1
github.com/sarchlab/m2sim/timing/pipeline/superscalar.go:1135.52,1135.68 1 1
github.com/sarchlab/m2sim/timing/pipeline/superscalar.go:1140.48,1140.66 1 1
github.com/sarchlab/m2sim/timing/pipeline/superscalar.go:1143.52,1143.73 1 1
github.com/sarchlab/m2sim/timing/pipeline/superscalar.go:1146.47,1146.62 1 1
github.com/sarchlab/m2sim/timing/pipeline/superscalar.go:1149.52,1149.73 1 1
github.com/sarchlab/m2sim/timing/pipeline/superscalar.go:1152.55,1152.77 1 1
github.com/sarchlab/m2sim/timing/pipeline/superscalar.go:1155.53,1155.73 1 1
github.com/sarchlab/m2sim/timing/pipeline/superscalar.go:1158.51,1158.67 1 1
github.com/sarchlab/m2sim/timing/pipeline/superscalar.go:1163.50,1163.68 1 1
github.com/sarchlab/m2sim/timing/pipeline/superscalar.go:1166.54,1166.75 1 1
github.com/sarchlab/m2sim/timing/pipeline/superscalar.go:1169.49,1169.64 1 1
github.com/sarchlab/m2sim/timing/pipeline/superscalar.go:1172.54,1172.75 1 1
github.com/sarchlab/m2sim/timing/pipeline/superscalar.go:1175.57,1175.79 1 1
github.com/sarchlab/m2sim/timing/pipeline/superscalar.go:1178.55,1178.75 1 1
github.com/sarchlab/m2sim/timing/pipeline/superscalar.go:1181.53,1181.69 1 1
github.com/sarchlab/m2sim/timing/pipeline/superscalar.go:1186.47,1186.65 1 1
github.com/sarchlab/m2sim/timing/pipeline/superscalar.go:1189.51,1189.72 1 1
github.com/sarchlab/m2sim/timing/pipeline/superscalar.go:1192.46,1192.61 1 1
github.com/sarchlab/m2sim/timing/pipeline/superscalar.go:1195.51,1195.72 1 1
github.com/sarchlab/m2sim/timing/pipeline/superscalar.go:1198.54,1198.76 1 1
github.com/sarchlab/m2sim/timing/pipeline/superscalar.go:1201.52,1201.72 1 1
github.com/sarchlab/m2sim/timing/pipeline/superscalar.go:1204.50,1204.66 1 1
github.com/sarchlab/m2sim/timing/pipeline/superscalar.go:1209.46,1209.64 1 1
github.com/sarchlab/m2sim/timing/pipeline/superscalar.go:1212.50,1212.71 1 1
github.com/sarchlab/m2sim/timing/pipeline/superscalar.go:1215.45,1215.60 1 1
github.com/sarchlab/m2sim/timing/pipeline/superscalar.go:1218.50,1218.71 1 1
github.com/sarchlab/m2sim/timing/pipeline/superscalar.go:1221.53,1221.75 1 1
github.com/sarchlab/m2sim/timing/pipeline/superscalar.go:1224.51,1224.71 1 1
github.com/sarchlab/m2sim/timing/pipeline/superscalar.go:1227.49,1227.65 1 1
github.com/sarchlab/m2sim/timing/pipeline/superscalar.go:1290.41,1294.2 3 1
github.com/sarchlab/m2sim/timing/pipeline/superscalar.go:1297.41,1314.2 16 1
github.com/sarchlab/m2sim/timing/pipeline/superscalar.go:1317.42,1333.2 15 1
github.com/sarchlab/m2sim/timing/pipeline/superscalar.go:1338.49,1338.67 1 0
github.com/sarchlab/m2sim/timing/pipeline/superscalar.go:1341.52,1341.72 1 0
github.com/sarchlab/m2sim/timing/pipeline/superscalar.go:1344.53,1344.74 1 0
github.com/sarchlab/m2sim/timing/pipeline/superscalar.go:1347.63,1347.80 1 0
github.com/sarchlab/m2sim/timing/pipeline/superscalar.go:1350.56,1350.78 1 0
github.com/sarchlab/m2sim/timing/pipeline/superscalar.go:1353.57,1353.80 1 0
github.com/sarchlab/m2sim/timing/pipeline/superscalar.go:1356.42,1365.2 8 1
github.com/sarchlab/m2sim/timing/pipeline/superscalar.go:1368.55,1387.2 1 1
github.com/sarchlab/m2sim/timing/pipeline/superscalar.go:1390.62,1407.2 16 1
github.com/sarchlab/m2sim/timing/pipeline/superscalar.go:1412.49,1412.67 1 1
github.com/sarchlab/m2sim/timing/pipeline/superscalar.go:1415.53,1415.74 1 1
github.com/sarchlab/m2sim/timing/pipeline/superscalar.go:1418.48,1418.63 1 1
github.com/sarchlab/m2sim/timing/pipeline/superscalar.go:1421.53,1421.74 1 1
github.com/sarchlab/m2sim/timing/pipeline/superscalar.go:1424.56,1424.78 1 1
github.com/sarchlab/m2sim/timing/pipeline/superscalar.go:1427.54,1427.74 1 0
github.com/sarchlab/m2sim/timing/pipeline/superscalar.go:1430.52,1430.68 1 0
github.com/sarchlab/m2sim/timing/pipeline/superscalar.go:1493.40,1497.2 3 1
github.com/sarchlab/m2sim/timing/pipeline/superscalar.go:1500.40,1517.2 16 1
github.com/sarchlab/m2sim/timing/pipeline/superscalar.go:1520.41,1536.2 15 1
github.com/sarchlab/m2sim/timing/pipeline/superscalar.go:1541.48,1541.66 1 0
github.com/sarchlab/m2sim/timing/pipeline/superscalar.go:1544.51,1544.71 1 0
github.com/sarchlab/m2sim/timing/pipeline/superscalar.go:1547.52,1547.73 1 0
github.com/sarchlab/m2sim/timing/pipeline/superscalar.go:1550.62,1550.79 1 0
github.com/sarchlab/m2sim/timing/pipeline/superscalar.go:1553.55,1553.77 1 0
github.com/sarchlab/m2sim/timing/pipeline/superscalar.go:1556.56,1556.79 1 0
github.com/sarchlab/m2sim/timing/pipeline/superscalar.go:1559.41,1568.2 8 1
github.com/sarchlab/m2sim/timing/pipeline/superscalar.go:1571.54,1590.2 1 1
github.com/sarchlab/m2sim/timing/pipeline/superscalar.go:1593.61,1610.2 16 1
github.com/sarchlab/m2sim/timing/pipeline/superscalar.go:1615.48,1615.66 1 1
github.com/sarchlab/m2sim/timing/pipeline/superscalar.go:1618.52,1618.73 1 1
github.com/sarchlab/m2sim/timing/pipeline/superscalar.go:1621.47,1621.62 1 1
github.com/sarchlab/m2sim/timing/pipeline/superscalar.go:1624.52,1624.73 1 1
github.com/sarchlab/m2sim/timing/pipeline/superscalar.go:1627.55,1627.77 1 1
github.com/sarchlab/m2sim/timing/pipeline/superscalar.go:1630.53,1630.73 1 0
github.com/sarchlab/m2sim/timing/pipeline/superscalar.go:1633.51,1633.67 1 0
